<?xml version="1.0" encoding="UTF-8"?><testrun duration="115042" footerText="Generated by IntelliJ IDEA on 09/07/23, 13:18" name="JUnit.Magento">
    <count name="total" value="15"/>
    <count name="error" value="7"/>
    <count name="failed" value="3"/>
    <count name="passed" value="5"/>
    <config configId="JUnit" name="JUnit.Magento">
        <module name="FragilitySentry"/>
        <option name="MAIN_CLASS_NAME" value=""/>
        <option name="METHOD_NAME" value=""/>
        <option name="TEST_OBJECT" value="pattern"/>
        <patterns>
            <pattern testClass="JUnit.Magento.CreateAccount1Test"/>
            <pattern testClass="JUnit.Magento.CreateCheckout1Test"/>
            <pattern testClass="JUnit.Magento.CreateHelp1Test"/>
            <pattern testClass="JUnit.Magento.CreateOrder1Test"/>
            <pattern testClass="JUnit.Magento.CreateReturn1Test"/>
            <pattern testClass="DeleteCart1Test"/>
            <pattern testClass="JUnit.Magento.ReadDetailsProduct1Test"/>
            <pattern testClass="JUnit.Magento.ReadExtension1Test"/>
            <pattern testClass="JUnit.Magento.ReadPopular1Test"/>
            <pattern testClass="JUnit.Magento.ReadPrivacy1Test"/>
            <pattern testClass="JUnit.Magento.ReadProduct1Test"/>
            <pattern testClass="JUnit.Magento.ReadTemplate1Test"/>
            <pattern testClass="ReadView1Test"/>
            <pattern testClass="ResetPassword1Test"/>
            <pattern testClass="UpdatePage1Test"/>
        </patterns>
        <method v="2">
            <option name="Make" enabled="true"/>
        </method>
    </config>
    <root name="&lt;default package&gt;" location="java:suite://&lt;default package&gt;">
        <output type="stdout">&amp;quot;C:\Program Files\Java\jdk-11.0.12\bin\java.exe&amp;quot; -ea -Didea.test.cyclic.buffer.size=1048576 &amp;quot;-javaagent:C:\Program Files\JetBrains\IntelliJ IDEA 2021.1.2\lib\idea_rt.jar=9834:C:\Program Files\JetBrains\IntelliJ IDEA 2021.1.2\bin&amp;quot; -Dfile.encoding=UTF-8 -classpath &amp;quot;C:\Program Files\JetBrains\IntelliJ IDEA 2021.1.2\lib\idea_rt.jar;C:\Users\ivan_\.m2\repository\org\junit\platform\junit-platform-launcher\1.7.0\junit-platform-launcher-1.7.0.jar;C:\Users\ivan_\.m2\repository\org\junit\platform\junit-platform-engine\1.7.0\junit-platform-engine-1.7.0.jar;C:\Users\ivan_\.m2\repository\org\junit\jupiter\junit-jupiter-engine\5.7.0\junit-jupiter-engine-5.7.0.jar;C:\Users\ivan_\.m2\repository\org\junit\vintage\junit-vintage-engine\5.7.0\junit-vintage-engine-5.7.0.jar;C:\Program Files\JetBrains\IntelliJ IDEA 2021.1.2\plugins\junit\lib\junit5-rt.jar;C:\Program Files\JetBrains\IntelliJ IDEA 2021.1.2\plugins\junit\lib\junit-rt.jar;C:\Users\ivan_\Documents\FragilitySentry\target\test-classes;C:\Users\ivan_\Documents\FragilitySentry\target\classes;C:\Users\ivan_\.m2\repository\org\seleniumhq\selenium\selenium-api\3.141.59\selenium-api-3.141.59.jar;C:\Users\ivan_\.m2\repository\org\seleniumhq\selenium\selenium-chrome-driver\3.141.59\selenium-chrome-driver-3.141.59.jar;C:\Users\ivan_\.m2\repository\org\seleniumhq\selenium\selenium-remote-driver\3.141.59\selenium-remote-driver-3.141.59.jar;C:\Users\ivan_\.m2\repository\net\bytebuddy\byte-buddy\1.8.15\byte-buddy-1.8.15.jar;C:\Users\ivan_\.m2\repository\org\apache\commons\commons-exec\1.3\commons-exec-1.3.jar;C:\Users\ivan_\.m2\repository\com\google\guava\guava\25.0-jre\guava-25.0-jre.jar;C:\Users\ivan_\.m2\repository\com\google\code\findbugs\jsr305\1.3.9\jsr305-1.3.9.jar;C:\Users\ivan_\.m2\repository\org\checkerframework\checker-compat-qual\2.0.0\checker-compat-qual-2.0.0.jar;C:\Users\ivan_\.m2\repository\com\google\errorprone\error_prone_annotations\2.1.3\error_prone_annotations-2.1.3.jar;C:\Users\ivan_\.m2\repository\com\google\j2objc\j2objc-annotations\1.1\j2objc-annotations-1.1.jar;C:\Users\ivan_\.m2\repository\org\codehaus\mojo\animal-sniffer-annotations\1.14\animal-sniffer-annotations-1.14.jar;C:\Users\ivan_\.m2\repository\com\squareup\okhttp3\okhttp\3.11.0\okhttp-3.11.0.jar;C:\Users\ivan_\.m2\repository\com\squareup\okio\okio\1.14.0\okio-1.14.0.jar;C:\Users\ivan_\.m2\repository\junit\junit\4.13.2\junit-4.13.2.jar;C:\Users\ivan_\.m2\repository\org\hamcrest\hamcrest-core\1.3\hamcrest-core-1.3.jar;C:\Users\ivan_\.m2\repository\org\seleniumhq\selenium\selenium-firefox-driver\3.141.59\selenium-firefox-driver-3.141.59.jar;C:\Users\ivan_\.m2\repository\org\seleniumhq\selenium\selenium-support\3.141.59\selenium-support-3.141.59.jar;C:\Users\ivan_\.m2\repository\org\junit\jupiter\junit-jupiter-params\5.7.0\junit-jupiter-params-5.7.0.jar;C:\Users\ivan_\.m2\repository\org\apiguardian\apiguardian-api\1.1.0\apiguardian-api-1.1.0.jar;C:\Users\ivan_\.m2\repository\org\junit\jupiter\junit-jupiter-api\5.7.0\junit-jupiter-api-5.7.0.jar;C:\Users\ivan_\.m2\repository\org\opentest4j\opentest4j\1.2.0\opentest4j-1.2.0.jar;C:\Users\ivan_\.m2\repository\org\junit\platform\junit-platform-commons\1.7.0\junit-platform-commons-1.7.0.jar&amp;quot; com.intellij.rt.junit.JUnitStarter -ideVersion5 -junit5 @w@C:\Users\ivan_\AppData\Local\Temp\idea_working_dirs_junit.tmp @C:\Users\ivan_\AppData\Local\Temp\idea_junit.tmp -socket9833
Process finished with exit code -1
</output>
    </root>
    <suite duration="12053" locationUrl="java:suite://JUnit.Magento.CreateAccount1Test" name="CreateAccount1Test" status="passed">
        <test duration="12053" locationUrl="java:test://JUnit.Magento.CreateAccount1Test/createAccount1" name="createAccount1" metainfo="" status="passed">
            <output type="stderr">Starting ChromeDriver 114.0.5735.90 (386bc09e8f4f2e025eddae123f36f6263096ae49-refs/branch-heads/5735@{#1052}) on port 21759
Only local connections are allowed.
Please see https://chromedriver.chromium.org/security-considerations for suggestions on keeping ChromeDriver safe.
ChromeDriver was started successfully.
lug 09, 2023 1:16:08 PM org.openqa.selenium.remote.ProtocolHandshake createSession
INFO: Detected dialect: W3C
</output>
        </test>
    </suite>
    <suite duration="2943" locationUrl="java:suite://JUnit.Magento.CreateCheckout1Test" name="CreateCheckout1Test" status="error">
        <test duration="2943" locationUrl="java:test://JUnit.Magento.CreateCheckout1Test/createCheckout1" name="createCheckout1" metainfo="" status="error">
            <output type="stderr">Starting ChromeDriver 114.0.5735.90
                (386bc09e8f4f2e025eddae123f36f6263096ae49-refs/branch-heads/5735@{#1052}) on port 42971
                Only local connections are allowed.
                Please see https://chromedriver.chromium.org/security-considerations for suggestions on keeping
                ChromeDriver safe.
                ChromeDriver was started successfully.
                lug 09, 2023 1:16:20 PM org.openqa.selenium.remote.ProtocolHandshake createSession
                INFO: Detected dialect: W3C
                org.openqa.selenium.NoSuchElementException: no such element: Unable to locate element: {&amp;quot;method&amp;quot;:&amp;quot;css
                selector&amp;quot;,&amp;quot;selector&amp;quot;:&amp;quot;.ui-menu.ui-widget.ui-widget-content.ui-corner-all&amp;quot;}
                (Session info: chrome=114.0.5735.199)
                For documentation on this error, please visit:
                https://www.seleniumhq.org/exceptions/no_such_element.html
                Build info: version: &amp;#39;3.141.59&amp;#39;, revision: &amp;#39;e82be7d358&amp;#39;, time: &amp;#39;2018-11-14T08:17:03&amp;#39;
                System info: host: &amp;#39;DESKTOP-42AP7HA&amp;#39;, ip: &amp;#39;172.22.128.1&amp;#39;, os.name: &amp;#39;Windows
                10&amp;#39;, os.arch: &amp;#39;amd64&amp;#39;, os.version: &amp;#39;10.0&amp;#39;, java.version: &amp;#39;11.0.12&amp;#39;
                Driver info: org.openqa.selenium.chrome.ChromeDriver
                Capabilities {acceptInsecureCerts: false, browserName: chrome, browserVersion: 114.0.5735.199, chrome:
                {chromedriverVersion: 114.0.5735.90 (386bc09e8f4f..., userDataDir: C:\Users\ivan_\AppData\Loca...},
                goog:chromeOptions: {debuggerAddress: localhost:9874}, javascriptEnabled: true,
                networkConnectionEnabled: false, pageLoadStrategy: normal, platform: WINDOWS, platformName: WINDOWS,
                proxy: Proxy(), setWindowRect: true, strictFileInteractability: false, timeouts: {implicit: 0, pageLoad:
                300000, script: 30000}, unhandledPromptBehavior: dismiss and notify, webauthn:extension:credBlob: true,
                webauthn:extension:largeBlob: true, webauthn:extension:minPinLength: true, webauthn:extension:prf: true,
                webauthn:virtualAuthenticators: true}
                Session ID: a5cdc905a00314c6c9a3541110f7000c
                *** Selector info: {Using=css selector, value=.ui-menu.ui-widget.ui-widget-content.ui-corner-all}&#13;
                at java.base/jdk.internal.reflect.NativeConstructorAccessorImpl.newInstance0(Native Method)&#13;
                at
                java.base/jdk.internal.reflect.NativeConstructorAccessorImpl.newInstance(NativeConstructorAccessorImpl.java:62)&#13;
                at
                java.base/jdk.internal.reflect.DelegatingConstructorAccessorImpl.newInstance(DelegatingConstructorAccessorImpl.java:45)&#13;
                at java.base/java.lang.reflect.Constructor.newInstance(Constructor.java:490)&#13;
                at org.openqa.selenium.remote.http.W3CHttpResponseCodec.createException(W3CHttpResponseCodec.java:187)&#13;
                at org.openqa.selenium.remote.http.W3CHttpResponseCodec.decode(W3CHttpResponseCodec.java:122)&#13;
                at org.openqa.selenium.remote.http.W3CHttpResponseCodec.decode(W3CHttpResponseCodec.java:49)&#13;
                at org.openqa.selenium.remote.HttpCommandExecutor.execute(HttpCommandExecutor.java:158)&#13;
                at org.openqa.selenium.remote.service.DriverCommandExecutor.execute(DriverCommandExecutor.java:83)&#13;
                at org.openqa.selenium.remote.RemoteWebDriver.execute(RemoteWebDriver.java:552)&#13;
                at org.openqa.selenium.remote.RemoteWebDriver.findElement(RemoteWebDriver.java:323)&#13;
                at org.openqa.selenium.remote.RemoteWebDriver.findElementByCssSelector(RemoteWebDriver.java:420)&#13;
                at org.openqa.selenium.By$ByCssSelector.findElement(By.java:431)&#13;
                at org.openqa.selenium.remote.RemoteWebDriver.findElement(RemoteWebDriver.java:315)&#13;
                at JUnit.Magento.CreateCheckout1Test.createCheckout1(CreateCheckout1Test.java:44)&#13;
                at java.base/jdk.internal.reflect.NativeMethodAccessorImpl.invoke0(Native Method)&#13;
                at java.base/jdk.internal.reflect.NativeMethodAccessorImpl.invoke(NativeMethodAccessorImpl.java:62)&#13;
                at
                java.base/jdk.internal.reflect.DelegatingMethodAccessorImpl.invoke(DelegatingMethodAccessorImpl.java:43)&#13;
                at java.base/java.lang.reflect.Method.invoke(Method.java:566)&#13;
                at org.junit.runners.model.FrameworkMethod$1.runReflectiveCall(FrameworkMethod.java:59)&#13;
                at org.junit.internal.runners.model.ReflectiveCallable.run(ReflectiveCallable.java:12)&#13;
                at org.junit.runners.model.FrameworkMethod.invokeExplosively(FrameworkMethod.java:56)&#13;
                at org.junit.internal.runners.statements.InvokeMethod.evaluate(InvokeMethod.java:17)&#13;
                at org.junit.internal.runners.statements.RunBefores.evaluate(RunBefores.java:26)&#13;
                at org.junit.internal.runners.statements.RunAfters.evaluate(RunAfters.java:27)&#13;
                at org.junit.runners.ParentRunner$3.evaluate(ParentRunner.java:306)&#13;
                at org.junit.runners.BlockJUnit4ClassRunner$1.evaluate(BlockJUnit4ClassRunner.java:100)&#13;
                at org.junit.runners.ParentRunner.runLeaf(ParentRunner.java:366)&#13;
                at org.junit.runners.BlockJUnit4ClassRunner.runChild(BlockJUnit4ClassRunner.java:103)&#13;
                at org.junit.runners.BlockJUnit4ClassRunner.runChild(BlockJUnit4ClassRunner.java:63)&#13;
                at org.junit.runners.ParentRunner$4.run(ParentRunner.java:331)&#13;
                at org.junit.runners.ParentRunner$1.schedule(ParentRunner.java:79)&#13;
                at org.junit.runners.ParentRunner.runChildren(ParentRunner.java:329)&#13;
                at org.junit.runners.ParentRunner.access$100(ParentRunner.java:66)&#13;
                at org.junit.runners.ParentRunner$2.evaluate(ParentRunner.java:293)&#13;
                at org.junit.runners.ParentRunner$3.evaluate(ParentRunner.java:306)&#13;
                at org.junit.runners.ParentRunner.run(ParentRunner.java:413)&#13;
                at org.junit.runner.JUnitCore.run(JUnitCore.java:137)&#13;
                at org.junit.runner.JUnitCore.run(JUnitCore.java:115)&#13;
                at org.junit.vintage.engine.execution.RunnerExecutor.execute(RunnerExecutor.java:43)&#13;
                at java.base/java.util.stream.ForEachOps$ForEachOp$OfRef.accept(ForEachOps.java:183)&#13;
                at java.base/java.util.stream.ReferencePipeline$3$1.accept(ReferencePipeline.java:195)&#13;
                at java.base/java.util.Iterator.forEachRemaining(Iterator.java:133)&#13;
                at java.base/java.util.Spliterators$IteratorSpliterator.forEachRemaining(Spliterators.java:1801)&#13;
                at java.base/java.util.stream.AbstractPipeline.copyInto(AbstractPipeline.java:484)&#13;
                at java.base/java.util.stream.AbstractPipeline.wrapAndCopyInto(AbstractPipeline.java:474)&#13;
                at java.base/java.util.stream.ForEachOps$ForEachOp.evaluateSequential(ForEachOps.java:150)&#13;
                at java.base/java.util.stream.ForEachOps$ForEachOp$OfRef.evaluateSequential(ForEachOps.java:173)&#13;
                at java.base/java.util.stream.AbstractPipeline.evaluate(AbstractPipeline.java:234)&#13;
                at java.base/java.util.stream.ReferencePipeline.forEach(ReferencePipeline.java:497)&#13;
                at org.junit.vintage.engine.VintageTestEngine.executeAllChildren(VintageTestEngine.java:82)&#13;
                at org.junit.vintage.engine.VintageTestEngine.execute(VintageTestEngine.java:73)&#13;
                at
                org.junit.platform.launcher.core.EngineExecutionOrchestrator.execute(EngineExecutionOrchestrator.java:108)&#13;
                at
                org.junit.platform.launcher.core.EngineExecutionOrchestrator.execute(EngineExecutionOrchestrator.java:88)&#13;
                at
                org.junit.platform.launcher.core.EngineExecutionOrchestrator.lambda$execute$0(EngineExecutionOrchestrator.java:54)&#13;
                at
                org.junit.platform.launcher.core.EngineExecutionOrchestrator.withInterceptedStreams(EngineExecutionOrchestrator.java:67)&#13;
                at
                org.junit.platform.launcher.core.EngineExecutionOrchestrator.execute(EngineExecutionOrchestrator.java:52)&#13;
                at org.junit.platform.launcher.core.DefaultLauncher.execute(DefaultLauncher.java:96)&#13;
                at org.junit.platform.launcher.core.DefaultLauncher.execute(DefaultLauncher.java:75)&#13;
                at com.intellij.junit5.JUnit5IdeaTestRunner.startRunnerWithArgs(JUnit5IdeaTestRunner.java:71)&#13;
                at com.intellij.rt.junit.IdeaTestRunner$Repeater.startRunnerWithArgs(IdeaTestRunner.java:33)&#13;
                at com.intellij.rt.junit.JUnitStarter.prepareStreamsAndStart(JUnitStarter.java:221)&#13;
                at com.intellij.rt.junit.JUnitStarter.main(JUnitStarter.java:54)&#13;
            </output>
        </test>
    </suite>
    <suite duration="4927" locationUrl="java:suite://JUnit.Magento.CreateHelp1Test" name="CreateHelp1Test" status="passed">
        <test duration="4927" locationUrl="java:test://JUnit.Magento.CreateHelp1Test/createHelp1" name="createHelp1" metainfo="" status="passed">
            <output type="stderr">Starting ChromeDriver 114.0.5735.90 (386bc09e8f4f2e025eddae123f36f6263096ae49-refs/branch-heads/5735@{#1052}) on port 9640
Only local connections are allowed.
Please see https://chromedriver.chromium.org/security-considerations for suggestions on keeping ChromeDriver safe.
ChromeDriver was started successfully.
lug 09, 2023 1:16:23 PM org.openqa.selenium.remote.ProtocolHandshake createSession
INFO: Detected dialect: W3C
lug 09, 2023 1:16:23 PM org.openqa.selenium.interactions.Actions moveToElement
INFO: When using the W3C Action commands, offsets are from the center of element
lug 09, 2023 1:16:26 PM org.openqa.selenium.interactions.Actions moveToElement
INFO: When using the W3C Action commands, offsets are from the center of element
</output>
        </test>
    </suite>
    <suite duration="15127" locationUrl="java:suite://JUnit.Magento.CreateOrder1Test" name="CreateOrder1Test" status="error">
        <test duration="15127" locationUrl="java:test://JUnit.Magento.CreateOrder1Test/createOrder1" name="createOrder1" metainfo="" status="error">
            <output type="stderr">Starting ChromeDriver 114.0.5735.90
                (386bc09e8f4f2e025eddae123f36f6263096ae49-refs/branch-heads/5735@{#1052}) on port 27463
                Only local connections are allowed.
                Please see https://chromedriver.chromium.org/security-considerations for suggestions on keeping
                ChromeDriver safe.
                ChromeDriver was started successfully.
                lug 09, 2023 1:16:28 PM org.openqa.selenium.remote.ProtocolHandshake createSession
                INFO: Detected dialect: W3C
                org.openqa.selenium.NoSuchElementException: no such element: Unable to locate element: {&amp;quot;method&amp;quot;:&amp;quot;xpath&amp;quot;,&amp;quot;selector&amp;quot;:&amp;quot;//label[contains(.,&amp;#39;Save
                in address book&amp;#39;)]&amp;quot;}
                (Session info: chrome=114.0.5735.199)
                For documentation on this error, please visit:
                https://www.seleniumhq.org/exceptions/no_such_element.html
                Build info: version: &amp;#39;3.141.59&amp;#39;, revision: &amp;#39;e82be7d358&amp;#39;, time: &amp;#39;2018-11-14T08:17:03&amp;#39;
                System info: host: &amp;#39;DESKTOP-42AP7HA&amp;#39;, ip: &amp;#39;172.22.128.1&amp;#39;, os.name: &amp;#39;Windows
                10&amp;#39;, os.arch: &amp;#39;amd64&amp;#39;, os.version: &amp;#39;10.0&amp;#39;, java.version: &amp;#39;11.0.12&amp;#39;
                Driver info: org.openqa.selenium.chrome.ChromeDriver
                Capabilities {acceptInsecureCerts: false, browserName: chrome, browserVersion: 114.0.5735.199, chrome:
                {chromedriverVersion: 114.0.5735.90 (386bc09e8f4f..., userDataDir: C:\Users\ivan_\AppData\Loca...},
                goog:chromeOptions: {debuggerAddress: localhost:9919}, javascriptEnabled: true,
                networkConnectionEnabled: false, pageLoadStrategy: normal, platform: WINDOWS, platformName: WINDOWS,
                proxy: Proxy(), setWindowRect: true, strictFileInteractability: false, timeouts: {implicit: 0, pageLoad:
                300000, script: 30000}, unhandledPromptBehavior: dismiss and notify, webauthn:extension:credBlob: true,
                webauthn:extension:largeBlob: true, webauthn:extension:minPinLength: true, webauthn:extension:prf: true,
                webauthn:virtualAuthenticators: true}
                Session ID: 9b37505fc430005440e7088aa9b8feef
                *** Selector info: {Using=xpath, value=//label[contains(.,&amp;#39;Save in address book&amp;#39;)]}&#13;
                at java.base/jdk.internal.reflect.NativeConstructorAccessorImpl.newInstance0(Native Method)&#13;
                at
                java.base/jdk.internal.reflect.NativeConstructorAccessorImpl.newInstance(NativeConstructorAccessorImpl.java:62)&#13;
                at
                java.base/jdk.internal.reflect.DelegatingConstructorAccessorImpl.newInstance(DelegatingConstructorAccessorImpl.java:45)&#13;
                at java.base/java.lang.reflect.Constructor.newInstance(Constructor.java:490)&#13;
                at org.openqa.selenium.remote.http.W3CHttpResponseCodec.createException(W3CHttpResponseCodec.java:187)&#13;
                at org.openqa.selenium.remote.http.W3CHttpResponseCodec.decode(W3CHttpResponseCodec.java:122)&#13;
                at org.openqa.selenium.remote.http.W3CHttpResponseCodec.decode(W3CHttpResponseCodec.java:49)&#13;
                at org.openqa.selenium.remote.HttpCommandExecutor.execute(HttpCommandExecutor.java:158)&#13;
                at org.openqa.selenium.remote.service.DriverCommandExecutor.execute(DriverCommandExecutor.java:83)&#13;
                at org.openqa.selenium.remote.RemoteWebDriver.execute(RemoteWebDriver.java:552)&#13;
                at org.openqa.selenium.remote.RemoteWebDriver.findElement(RemoteWebDriver.java:323)&#13;
                at org.openqa.selenium.remote.RemoteWebDriver.findElementByXPath(RemoteWebDriver.java:428)&#13;
                at org.openqa.selenium.By$ByXPath.findElement(By.java:353)&#13;
                at org.openqa.selenium.remote.RemoteWebDriver.findElement(RemoteWebDriver.java:315)&#13;
                at JUnit.Magento.CreateOrder1Test.createOrder1(CreateOrder1Test.java:55)&#13;
                at java.base/jdk.internal.reflect.NativeMethodAccessorImpl.invoke0(Native Method)&#13;
                at java.base/jdk.internal.reflect.NativeMethodAccessorImpl.invoke(NativeMethodAccessorImpl.java:62)&#13;
                at
                java.base/jdk.internal.reflect.DelegatingMethodAccessorImpl.invoke(DelegatingMethodAccessorImpl.java:43)&#13;
                at java.base/java.lang.reflect.Method.invoke(Method.java:566)&#13;
                at org.junit.runners.model.FrameworkMethod$1.runReflectiveCall(FrameworkMethod.java:59)&#13;
                at org.junit.internal.runners.model.ReflectiveCallable.run(ReflectiveCallable.java:12)&#13;
                at org.junit.runners.model.FrameworkMethod.invokeExplosively(FrameworkMethod.java:56)&#13;
                at org.junit.internal.runners.statements.InvokeMethod.evaluate(InvokeMethod.java:17)&#13;
                at org.junit.internal.runners.statements.RunBefores.evaluate(RunBefores.java:26)&#13;
                at org.junit.internal.runners.statements.RunAfters.evaluate(RunAfters.java:27)&#13;
                at org.junit.runners.ParentRunner$3.evaluate(ParentRunner.java:306)&#13;
                at org.junit.runners.BlockJUnit4ClassRunner$1.evaluate(BlockJUnit4ClassRunner.java:100)&#13;
                at org.junit.runners.ParentRunner.runLeaf(ParentRunner.java:366)&#13;
                at org.junit.runners.BlockJUnit4ClassRunner.runChild(BlockJUnit4ClassRunner.java:103)&#13;
                at org.junit.runners.BlockJUnit4ClassRunner.runChild(BlockJUnit4ClassRunner.java:63)&#13;
                at org.junit.runners.ParentRunner$4.run(ParentRunner.java:331)&#13;
                at org.junit.runners.ParentRunner$1.schedule(ParentRunner.java:79)&#13;
                at org.junit.runners.ParentRunner.runChildren(ParentRunner.java:329)&#13;
                at org.junit.runners.ParentRunner.access$100(ParentRunner.java:66)&#13;
                at org.junit.runners.ParentRunner$2.evaluate(ParentRunner.java:293)&#13;
                at org.junit.runners.ParentRunner$3.evaluate(ParentRunner.java:306)&#13;
                at org.junit.runners.ParentRunner.run(ParentRunner.java:413)&#13;
                at org.junit.runner.JUnitCore.run(JUnitCore.java:137)&#13;
                at org.junit.runner.JUnitCore.run(JUnitCore.java:115)&#13;
                at org.junit.vintage.engine.execution.RunnerExecutor.execute(RunnerExecutor.java:43)&#13;
                at java.base/java.util.stream.ForEachOps$ForEachOp$OfRef.accept(ForEachOps.java:183)&#13;
                at java.base/java.util.stream.ReferencePipeline$3$1.accept(ReferencePipeline.java:195)&#13;
                at java.base/java.util.Iterator.forEachRemaining(Iterator.java:133)&#13;
                at java.base/java.util.Spliterators$IteratorSpliterator.forEachRemaining(Spliterators.java:1801)&#13;
                at java.base/java.util.stream.AbstractPipeline.copyInto(AbstractPipeline.java:484)&#13;
                at java.base/java.util.stream.AbstractPipeline.wrapAndCopyInto(AbstractPipeline.java:474)&#13;
                at java.base/java.util.stream.ForEachOps$ForEachOp.evaluateSequential(ForEachOps.java:150)&#13;
                at java.base/java.util.stream.ForEachOps$ForEachOp$OfRef.evaluateSequential(ForEachOps.java:173)&#13;
                at java.base/java.util.stream.AbstractPipeline.evaluate(AbstractPipeline.java:234)&#13;
                at java.base/java.util.stream.ReferencePipeline.forEach(ReferencePipeline.java:497)&#13;
                at org.junit.vintage.engine.VintageTestEngine.executeAllChildren(VintageTestEngine.java:82)&#13;
                at org.junit.vintage.engine.VintageTestEngine.execute(VintageTestEngine.java:73)&#13;
                at
                org.junit.platform.launcher.core.EngineExecutionOrchestrator.execute(EngineExecutionOrchestrator.java:108)&#13;
                at
                org.junit.platform.launcher.core.EngineExecutionOrchestrator.execute(EngineExecutionOrchestrator.java:88)&#13;
                at
                org.junit.platform.launcher.core.EngineExecutionOrchestrator.lambda$execute$0(EngineExecutionOrchestrator.java:54)&#13;
                at
                org.junit.platform.launcher.core.EngineExecutionOrchestrator.withInterceptedStreams(EngineExecutionOrchestrator.java:67)&#13;
                at
                org.junit.platform.launcher.core.EngineExecutionOrchestrator.execute(EngineExecutionOrchestrator.java:52)&#13;
                at org.junit.platform.launcher.core.DefaultLauncher.execute(DefaultLauncher.java:96)&#13;
                at org.junit.platform.launcher.core.DefaultLauncher.execute(DefaultLauncher.java:75)&#13;
                at com.intellij.junit5.JUnit5IdeaTestRunner.startRunnerWithArgs(JUnit5IdeaTestRunner.java:71)&#13;
                at com.intellij.rt.junit.IdeaTestRunner$Repeater.startRunnerWithArgs(IdeaTestRunner.java:33)&#13;
                at com.intellij.rt.junit.JUnitStarter.prepareStreamsAndStart(JUnitStarter.java:221)&#13;
                at com.intellij.rt.junit.JUnitStarter.main(JUnitStarter.java:54)&#13;
            </output>
        </test>
    </suite>
    <suite duration="2246" locationUrl="java:suite://JUnit.Magento.CreateReturn1Test" name="CreateReturn1Test" status="error">
        <test duration="2246" locationUrl="java:test://JUnit.Magento.CreateReturn1Test/createReturn1" name="createReturn1" metainfo="" status="error">
            <output type="stderr">Starting ChromeDriver 114.0.5735.90
                (386bc09e8f4f2e025eddae123f36f6263096ae49-refs/branch-heads/5735@{#1052}) on port 35332
                Only local connections are allowed.
                Please see https://chromedriver.chromium.org/security-considerations for suggestions on keeping
                ChromeDriver safe.
                ChromeDriver was started successfully.
                lug 09, 2023 1:16:43 PM org.openqa.selenium.remote.ProtocolHandshake createSession
                INFO: Detected dialect: W3C
                org.openqa.selenium.NoSuchElementException: no such element: Unable to locate element: {&amp;quot;method&amp;quot;:&amp;quot;css
                selector&amp;quot;,&amp;quot;selector&amp;quot;:&amp;quot;#oar\-order\-id&amp;quot;}
                (Session info: chrome=114.0.5735.199)
                For documentation on this error, please visit:
                https://www.seleniumhq.org/exceptions/no_such_element.html
                Build info: version: &amp;#39;3.141.59&amp;#39;, revision: &amp;#39;e82be7d358&amp;#39;, time: &amp;#39;2018-11-14T08:17:03&amp;#39;
                System info: host: &amp;#39;DESKTOP-42AP7HA&amp;#39;, ip: &amp;#39;172.22.128.1&amp;#39;, os.name: &amp;#39;Windows
                10&amp;#39;, os.arch: &amp;#39;amd64&amp;#39;, os.version: &amp;#39;10.0&amp;#39;, java.version: &amp;#39;11.0.12&amp;#39;
                Driver info: org.openqa.selenium.chrome.ChromeDriver
                Capabilities {acceptInsecureCerts: false, browserName: chrome, browserVersion: 114.0.5735.199, chrome:
                {chromedriverVersion: 114.0.5735.90 (386bc09e8f4f..., userDataDir: C:\Users\ivan_\AppData\Loca...},
                goog:chromeOptions: {debuggerAddress: localhost:9962}, javascriptEnabled: true,
                networkConnectionEnabled: false, pageLoadStrategy: normal, platform: WINDOWS, platformName: WINDOWS,
                proxy: Proxy(), setWindowRect: true, strictFileInteractability: false, timeouts: {implicit: 0, pageLoad:
                300000, script: 30000}, unhandledPromptBehavior: dismiss and notify, webauthn:extension:credBlob: true,
                webauthn:extension:largeBlob: true, webauthn:extension:minPinLength: true, webauthn:extension:prf: true,
                webauthn:virtualAuthenticators: true}
                Session ID: a6a3515b49a13a06d22a127b5a8ca61e
                *** Selector info: {Using=id, value=oar-order-id}&#13;
                at java.base/jdk.internal.reflect.NativeConstructorAccessorImpl.newInstance0(Native Method)&#13;
                at
                java.base/jdk.internal.reflect.NativeConstructorAccessorImpl.newInstance(NativeConstructorAccessorImpl.java:62)&#13;
                at
                java.base/jdk.internal.reflect.DelegatingConstructorAccessorImpl.newInstance(DelegatingConstructorAccessorImpl.java:45)&#13;
                at java.base/java.lang.reflect.Constructor.newInstance(Constructor.java:490)&#13;
                at org.openqa.selenium.remote.http.W3CHttpResponseCodec.createException(W3CHttpResponseCodec.java:187)&#13;
                at org.openqa.selenium.remote.http.W3CHttpResponseCodec.decode(W3CHttpResponseCodec.java:122)&#13;
                at org.openqa.selenium.remote.http.W3CHttpResponseCodec.decode(W3CHttpResponseCodec.java:49)&#13;
                at org.openqa.selenium.remote.HttpCommandExecutor.execute(HttpCommandExecutor.java:158)&#13;
                at org.openqa.selenium.remote.service.DriverCommandExecutor.execute(DriverCommandExecutor.java:83)&#13;
                at org.openqa.selenium.remote.RemoteWebDriver.execute(RemoteWebDriver.java:552)&#13;
                at org.openqa.selenium.remote.RemoteWebDriver.findElement(RemoteWebDriver.java:323)&#13;
                at org.openqa.selenium.remote.RemoteWebDriver.findElementById(RemoteWebDriver.java:372)&#13;
                at org.openqa.selenium.By$ById.findElement(By.java:188)&#13;
                at org.openqa.selenium.remote.RemoteWebDriver.findElement(RemoteWebDriver.java:315)&#13;
                at JUnit.Magento.CreateReturn1Test.createReturn1(CreateReturn1Test.java:44)&#13;
                at java.base/jdk.internal.reflect.NativeMethodAccessorImpl.invoke0(Native Method)&#13;
                at java.base/jdk.internal.reflect.NativeMethodAccessorImpl.invoke(NativeMethodAccessorImpl.java:62)&#13;
                at
                java.base/jdk.internal.reflect.DelegatingMethodAccessorImpl.invoke(DelegatingMethodAccessorImpl.java:43)&#13;
                at java.base/java.lang.reflect.Method.invoke(Method.java:566)&#13;
                at org.junit.runners.model.FrameworkMethod$1.runReflectiveCall(FrameworkMethod.java:59)&#13;
                at org.junit.internal.runners.model.ReflectiveCallable.run(ReflectiveCallable.java:12)&#13;
                at org.junit.runners.model.FrameworkMethod.invokeExplosively(FrameworkMethod.java:56)&#13;
                at org.junit.internal.runners.statements.InvokeMethod.evaluate(InvokeMethod.java:17)&#13;
                at org.junit.internal.runners.statements.RunBefores.evaluate(RunBefores.java:26)&#13;
                at org.junit.internal.runners.statements.RunAfters.evaluate(RunAfters.java:27)&#13;
                at org.junit.runners.ParentRunner$3.evaluate(ParentRunner.java:306)&#13;
                at org.junit.runners.BlockJUnit4ClassRunner$1.evaluate(BlockJUnit4ClassRunner.java:100)&#13;
                at org.junit.runners.ParentRunner.runLeaf(ParentRunner.java:366)&#13;
                at org.junit.runners.BlockJUnit4ClassRunner.runChild(BlockJUnit4ClassRunner.java:103)&#13;
                at org.junit.runners.BlockJUnit4ClassRunner.runChild(BlockJUnit4ClassRunner.java:63)&#13;
                at org.junit.runners.ParentRunner$4.run(ParentRunner.java:331)&#13;
                at org.junit.runners.ParentRunner$1.schedule(ParentRunner.java:79)&#13;
                at org.junit.runners.ParentRunner.runChildren(ParentRunner.java:329)&#13;
                at org.junit.runners.ParentRunner.access$100(ParentRunner.java:66)&#13;
                at org.junit.runners.ParentRunner$2.evaluate(ParentRunner.java:293)&#13;
                at org.junit.runners.ParentRunner$3.evaluate(ParentRunner.java:306)&#13;
                at org.junit.runners.ParentRunner.run(ParentRunner.java:413)&#13;
                at org.junit.runner.JUnitCore.run(JUnitCore.java:137)&#13;
                at org.junit.runner.JUnitCore.run(JUnitCore.java:115)&#13;
                at org.junit.vintage.engine.execution.RunnerExecutor.execute(RunnerExecutor.java:43)&#13;
                at java.base/java.util.stream.ForEachOps$ForEachOp$OfRef.accept(ForEachOps.java:183)&#13;
                at java.base/java.util.stream.ReferencePipeline$3$1.accept(ReferencePipeline.java:195)&#13;
                at java.base/java.util.Iterator.forEachRemaining(Iterator.java:133)&#13;
                at java.base/java.util.Spliterators$IteratorSpliterator.forEachRemaining(Spliterators.java:1801)&#13;
                at java.base/java.util.stream.AbstractPipeline.copyInto(AbstractPipeline.java:484)&#13;
                at java.base/java.util.stream.AbstractPipeline.wrapAndCopyInto(AbstractPipeline.java:474)&#13;
                at java.base/java.util.stream.ForEachOps$ForEachOp.evaluateSequential(ForEachOps.java:150)&#13;
                at java.base/java.util.stream.ForEachOps$ForEachOp$OfRef.evaluateSequential(ForEachOps.java:173)&#13;
                at java.base/java.util.stream.AbstractPipeline.evaluate(AbstractPipeline.java:234)&#13;
                at java.base/java.util.stream.ReferencePipeline.forEach(ReferencePipeline.java:497)&#13;
                at org.junit.vintage.engine.VintageTestEngine.executeAllChildren(VintageTestEngine.java:82)&#13;
                at org.junit.vintage.engine.VintageTestEngine.execute(VintageTestEngine.java:73)&#13;
                at
                org.junit.platform.launcher.core.EngineExecutionOrchestrator.execute(EngineExecutionOrchestrator.java:108)&#13;
                at
                org.junit.platform.launcher.core.EngineExecutionOrchestrator.execute(EngineExecutionOrchestrator.java:88)&#13;
                at
                org.junit.platform.launcher.core.EngineExecutionOrchestrator.lambda$execute$0(EngineExecutionOrchestrator.java:54)&#13;
                at
                org.junit.platform.launcher.core.EngineExecutionOrchestrator.withInterceptedStreams(EngineExecutionOrchestrator.java:67)&#13;
                at
                org.junit.platform.launcher.core.EngineExecutionOrchestrator.execute(EngineExecutionOrchestrator.java:52)&#13;
                at org.junit.platform.launcher.core.DefaultLauncher.execute(DefaultLauncher.java:96)&#13;
                at org.junit.platform.launcher.core.DefaultLauncher.execute(DefaultLauncher.java:75)&#13;
                at com.intellij.junit5.JUnit5IdeaTestRunner.startRunnerWithArgs(JUnit5IdeaTestRunner.java:71)&#13;
                at com.intellij.rt.junit.IdeaTestRunner$Repeater.startRunnerWithArgs(IdeaTestRunner.java:33)&#13;
                at com.intellij.rt.junit.JUnitStarter.prepareStreamsAndStart(JUnitStarter.java:221)&#13;
                at com.intellij.rt.junit.JUnitStarter.main(JUnitStarter.java:54)&#13;
            </output>
        </test>
    </suite>
    <suite duration="13132" locationUrl="java:suite://DeleteCart1Test" name="DeleteCart1Test" status="passed">
        <test duration="13132" locationUrl="java:test://DeleteCart1Test/deleteCart1" name="deleteCart1" metainfo="" status="passed">
            <output type="stderr">Starting ChromeDriver 114.0.5735.90 (386bc09e8f4f2e025eddae123f36f6263096ae49-refs/branch-heads/5735@{#1052}) on port 38998
Only local connections are allowed.
Please see https://chromedriver.chromium.org/security-considerations for suggestions on keeping ChromeDriver safe.
ChromeDriver was started successfully.
lug 09, 2023 1:16:45 PM org.openqa.selenium.remote.ProtocolHandshake createSession
INFO: Detected dialect: W3C
</output>
        </test>
    </suite>
    <suite duration="7783" locationUrl="java:suite://JUnit.Magento.ReadDetailsProduct1Test" name="ReadDetailsProduct1Test" status="failed">
        <test duration="7783" locationUrl="java:test://JUnit.Magento.ReadDetailsProduct1Test/readDetailsProduct1" name="readDetailsProduct1" metainfo="" status="failed">
            <output type="stderr">Starting ChromeDriver 114.0.5735.90
                (386bc09e8f4f2e025eddae123f36f6263096ae49-refs/branch-heads/5735@{#1052}) on port 5991
                Only local connections are allowed.
                Please see https://chromedriver.chromium.org/security-considerations for suggestions on keeping
                ChromeDriver safe.
                ChromeDriver was started successfully.
                lug 09, 2023 1:16:58 PM org.openqa.selenium.remote.ProtocolHandshake createSession
                INFO: Detected dialect: W3C
                java.lang.AssertionError: Lo scroll orizzontale non Ã¨ stato eseguito correttamente.&#13;
                at org.junit.Assert.fail(Assert.java:89)&#13;
                at JUnit.Magento.ReadDetailsProduct1Test.readDetailsProduct1(ReadDetailsProduct1Test.java:55)&#13;
                at java.base/jdk.internal.reflect.NativeMethodAccessorImpl.invoke0(Native Method)&#13;
                at java.base/jdk.internal.reflect.NativeMethodAccessorImpl.invoke(NativeMethodAccessorImpl.java:62)&#13;
                at
                java.base/jdk.internal.reflect.DelegatingMethodAccessorImpl.invoke(DelegatingMethodAccessorImpl.java:43)&#13;
                at java.base/java.lang.reflect.Method.invoke(Method.java:566)&#13;
                at org.junit.runners.model.FrameworkMethod$1.runReflectiveCall(FrameworkMethod.java:59)&#13;
                at org.junit.internal.runners.model.ReflectiveCallable.run(ReflectiveCallable.java:12)&#13;
                at org.junit.runners.model.FrameworkMethod.invokeExplosively(FrameworkMethod.java:56)&#13;
                at org.junit.internal.runners.statements.InvokeMethod.evaluate(InvokeMethod.java:17)&#13;
                at org.junit.internal.runners.statements.RunBefores.evaluate(RunBefores.java:26)&#13;
                at org.junit.internal.runners.statements.RunAfters.evaluate(RunAfters.java:27)&#13;
                at org.junit.runners.ParentRunner$3.evaluate(ParentRunner.java:306)&#13;
                at org.junit.runners.BlockJUnit4ClassRunner$1.evaluate(BlockJUnit4ClassRunner.java:100)&#13;
                at org.junit.runners.ParentRunner.runLeaf(ParentRunner.java:366)&#13;
                at org.junit.runners.BlockJUnit4ClassRunner.runChild(BlockJUnit4ClassRunner.java:103)&#13;
                at org.junit.runners.BlockJUnit4ClassRunner.runChild(BlockJUnit4ClassRunner.java:63)&#13;
                at org.junit.runners.ParentRunner$4.run(ParentRunner.java:331)&#13;
                at org.junit.runners.ParentRunner$1.schedule(ParentRunner.java:79)&#13;
                at org.junit.runners.ParentRunner.runChildren(ParentRunner.java:329)&#13;
                at org.junit.runners.ParentRunner.access$100(ParentRunner.java:66)&#13;
                at org.junit.runners.ParentRunner$2.evaluate(ParentRunner.java:293)&#13;
                at org.junit.runners.ParentRunner$3.evaluate(ParentRunner.java:306)&#13;
                at org.junit.runners.ParentRunner.run(ParentRunner.java:413)&#13;
                at org.junit.runner.JUnitCore.run(JUnitCore.java:137)&#13;
                at org.junit.runner.JUnitCore.run(JUnitCore.java:115)&#13;
                at org.junit.vintage.engine.execution.RunnerExecutor.execute(RunnerExecutor.java:43)&#13;
                at java.base/java.util.stream.ForEachOps$ForEachOp$OfRef.accept(ForEachOps.java:183)&#13;
                at java.base/java.util.stream.ReferencePipeline$3$1.accept(ReferencePipeline.java:195)&#13;
                at java.base/java.util.Iterator.forEachRemaining(Iterator.java:133)&#13;
                at java.base/java.util.Spliterators$IteratorSpliterator.forEachRemaining(Spliterators.java:1801)&#13;
                at java.base/java.util.stream.AbstractPipeline.copyInto(AbstractPipeline.java:484)&#13;
                at java.base/java.util.stream.AbstractPipeline.wrapAndCopyInto(AbstractPipeline.java:474)&#13;
                at java.base/java.util.stream.ForEachOps$ForEachOp.evaluateSequential(ForEachOps.java:150)&#13;
                at java.base/java.util.stream.ForEachOps$ForEachOp$OfRef.evaluateSequential(ForEachOps.java:173)&#13;
                at java.base/java.util.stream.AbstractPipeline.evaluate(AbstractPipeline.java:234)&#13;
                at java.base/java.util.stream.ReferencePipeline.forEach(ReferencePipeline.java:497)&#13;
                at org.junit.vintage.engine.VintageTestEngine.executeAllChildren(VintageTestEngine.java:82)&#13;
                at org.junit.vintage.engine.VintageTestEngine.execute(VintageTestEngine.java:73)&#13;
                at
                org.junit.platform.launcher.core.EngineExecutionOrchestrator.execute(EngineExecutionOrchestrator.java:108)&#13;
                at
                org.junit.platform.launcher.core.EngineExecutionOrchestrator.execute(EngineExecutionOrchestrator.java:88)&#13;
                at
                org.junit.platform.launcher.core.EngineExecutionOrchestrator.lambda$execute$0(EngineExecutionOrchestrator.java:54)&#13;
                at
                org.junit.platform.launcher.core.EngineExecutionOrchestrator.withInterceptedStreams(EngineExecutionOrchestrator.java:67)&#13;
                at
                org.junit.platform.launcher.core.EngineExecutionOrchestrator.execute(EngineExecutionOrchestrator.java:52)&#13;
                at org.junit.platform.launcher.core.DefaultLauncher.execute(DefaultLauncher.java:96)&#13;
                at org.junit.platform.launcher.core.DefaultLauncher.execute(DefaultLauncher.java:75)&#13;
                at com.intellij.junit5.JUnit5IdeaTestRunner.startRunnerWithArgs(JUnit5IdeaTestRunner.java:71)&#13;
                at com.intellij.rt.junit.IdeaTestRunner$Repeater.startRunnerWithArgs(IdeaTestRunner.java:33)&#13;
                at com.intellij.rt.junit.JUnitStarter.prepareStreamsAndStart(JUnitStarter.java:221)&#13;
                at com.intellij.rt.junit.JUnitStarter.main(JUnitStarter.java:54)&#13;
            </output>
        </test>
    </suite>
    <suite duration="7330" locationUrl="java:suite://JUnit.Magento.ReadExtension1Test" name="ReadExtension1Test" status="failed">
        <test duration="7330" locationUrl="java:test://JUnit.Magento.ReadExtension1Test/readExtension1" name="readExtension1" metainfo="" status="failed">
            <diff actual="JUnit.Magento ver. 2.4.6" expected="JUnit.Magento ver. 2.4.2"/>
            <output type="stderr">Starting ChromeDriver 114.0.5735.90
                (386bc09e8f4f2e025eddae123f36f6263096ae49-refs/branch-heads/5735@{#1052}) on port 15485
                Only local connections are allowed.
                Please see https://chromedriver.chromium.org/security-considerations for suggestions on keeping
                ChromeDriver safe.
                ChromeDriver was started successfully.
                lug 09, 2023 1:17:06 PM org.openqa.selenium.remote.ProtocolHandshake createSession
                INFO: Detected dialect: W3C
                java.lang.AssertionError:
                Expected: is &amp;quot;JUnit.Magento ver. 2.4.2&amp;quot;
                but: was &amp;quot;JUnit.Magento ver. 2.4.6&amp;quot;&#13;
                at org.hamcrest.MatcherAssert.assertThat(MatcherAssert.java:20)&#13;
                at org.junit.Assert.assertThat(Assert.java:964)&#13;
                at org.junit.Assert.assertThat(Assert.java:930)&#13;
                at JUnit.Magento.ReadExtension1Test.readExtension1(ReadExtension1Test.java:64)&#13;
                at java.base/jdk.internal.reflect.NativeMethodAccessorImpl.invoke0(Native Method)&#13;
                at java.base/jdk.internal.reflect.NativeMethodAccessorImpl.invoke(NativeMethodAccessorImpl.java:62)&#13;
                at
                java.base/jdk.internal.reflect.DelegatingMethodAccessorImpl.invoke(DelegatingMethodAccessorImpl.java:43)&#13;
                at java.base/java.lang.reflect.Method.invoke(Method.java:566)&#13;
                at org.junit.runners.model.FrameworkMethod$1.runReflectiveCall(FrameworkMethod.java:59)&#13;
                at org.junit.internal.runners.model.ReflectiveCallable.run(ReflectiveCallable.java:12)&#13;
                at org.junit.runners.model.FrameworkMethod.invokeExplosively(FrameworkMethod.java:56)&#13;
                at org.junit.internal.runners.statements.InvokeMethod.evaluate(InvokeMethod.java:17)&#13;
                at org.junit.internal.runners.statements.RunBefores.evaluate(RunBefores.java:26)&#13;
                at org.junit.internal.runners.statements.RunAfters.evaluate(RunAfters.java:27)&#13;
                at org.junit.runners.ParentRunner$3.evaluate(ParentRunner.java:306)&#13;
                at org.junit.runners.BlockJUnit4ClassRunner$1.evaluate(BlockJUnit4ClassRunner.java:100)&#13;
                at org.junit.runners.ParentRunner.runLeaf(ParentRunner.java:366)&#13;
                at org.junit.runners.BlockJUnit4ClassRunner.runChild(BlockJUnit4ClassRunner.java:103)&#13;
                at org.junit.runners.BlockJUnit4ClassRunner.runChild(BlockJUnit4ClassRunner.java:63)&#13;
                at org.junit.runners.ParentRunner$4.run(ParentRunner.java:331)&#13;
                at org.junit.runners.ParentRunner$1.schedule(ParentRunner.java:79)&#13;
                at org.junit.runners.ParentRunner.runChildren(ParentRunner.java:329)&#13;
                at org.junit.runners.ParentRunner.access$100(ParentRunner.java:66)&#13;
                at org.junit.runners.ParentRunner$2.evaluate(ParentRunner.java:293)&#13;
                at org.junit.runners.ParentRunner$3.evaluate(ParentRunner.java:306)&#13;
                at org.junit.runners.ParentRunner.run(ParentRunner.java:413)&#13;
                at org.junit.runner.JUnitCore.run(JUnitCore.java:137)&#13;
                at org.junit.runner.JUnitCore.run(JUnitCore.java:115)&#13;
                at org.junit.vintage.engine.execution.RunnerExecutor.execute(RunnerExecutor.java:43)&#13;
                at java.base/java.util.stream.ForEachOps$ForEachOp$OfRef.accept(ForEachOps.java:183)&#13;
                at java.base/java.util.stream.ReferencePipeline$3$1.accept(ReferencePipeline.java:195)&#13;
                at java.base/java.util.Iterator.forEachRemaining(Iterator.java:133)&#13;
                at java.base/java.util.Spliterators$IteratorSpliterator.forEachRemaining(Spliterators.java:1801)&#13;
                at java.base/java.util.stream.AbstractPipeline.copyInto(AbstractPipeline.java:484)&#13;
                at java.base/java.util.stream.AbstractPipeline.wrapAndCopyInto(AbstractPipeline.java:474)&#13;
                at java.base/java.util.stream.ForEachOps$ForEachOp.evaluateSequential(ForEachOps.java:150)&#13;
                at java.base/java.util.stream.ForEachOps$ForEachOp$OfRef.evaluateSequential(ForEachOps.java:173)&#13;
                at java.base/java.util.stream.AbstractPipeline.evaluate(AbstractPipeline.java:234)&#13;
                at java.base/java.util.stream.ReferencePipeline.forEach(ReferencePipeline.java:497)&#13;
                at org.junit.vintage.engine.VintageTestEngine.executeAllChildren(VintageTestEngine.java:82)&#13;
                at org.junit.vintage.engine.VintageTestEngine.execute(VintageTestEngine.java:73)&#13;
                at
                org.junit.platform.launcher.core.EngineExecutionOrchestrator.execute(EngineExecutionOrchestrator.java:108)&#13;
                at
                org.junit.platform.launcher.core.EngineExecutionOrchestrator.execute(EngineExecutionOrchestrator.java:88)&#13;
                at
                org.junit.platform.launcher.core.EngineExecutionOrchestrator.lambda$execute$0(EngineExecutionOrchestrator.java:54)&#13;
                at
                org.junit.platform.launcher.core.EngineExecutionOrchestrator.withInterceptedStreams(EngineExecutionOrchestrator.java:67)&#13;
                at
                org.junit.platform.launcher.core.EngineExecutionOrchestrator.execute(EngineExecutionOrchestrator.java:52)&#13;
                at org.junit.platform.launcher.core.DefaultLauncher.execute(DefaultLauncher.java:96)&#13;
                at org.junit.platform.launcher.core.DefaultLauncher.execute(DefaultLauncher.java:75)&#13;
                at com.intellij.junit5.JUnit5IdeaTestRunner.startRunnerWithArgs(JUnit5IdeaTestRunner.java:71)&#13;
                at com.intellij.rt.junit.IdeaTestRunner$Repeater.startRunnerWithArgs(IdeaTestRunner.java:33)&#13;
                at com.intellij.rt.junit.JUnitStarter.prepareStreamsAndStart(JUnitStarter.java:221)&#13;
                at com.intellij.rt.junit.JUnitStarter.main(JUnitStarter.java:54)&#13;
            </output>
        </test>
    </suite>
    <suite duration="4224" locationUrl="java:suite://JUnit.Magento.ReadPopular1Test" name="ReadPopular1Test" status="failed">
        <test duration="4224" locationUrl="java:test://JUnit.Magento.ReadPopular1Test/readPopular1" name="readPopular1" metainfo="" status="failed">
            <diff actual="Privacy and Cookie Policy" expected="Popular Search Terms"/>
            <output type="stderr">Starting ChromeDriver 114.0.5735.90
                (386bc09e8f4f2e025eddae123f36f6263096ae49-refs/branch-heads/5735@{#1052}) on port 35249
                Only local connections are allowed.
                Please see https://chromedriver.chromium.org/security-considerations for suggestions on keeping
                ChromeDriver safe.
                ChromeDriver was started successfully.
                lug 09, 2023 1:17:13 PM org.openqa.selenium.remote.ProtocolHandshake createSession
                INFO: Detected dialect: W3C
                java.lang.AssertionError:
                Expected: is &amp;quot;Popular Search Terms&amp;quot;
                but: was &amp;quot;Privacy and Cookie Policy&amp;quot;&#13;
                at org.hamcrest.MatcherAssert.assertThat(MatcherAssert.java:20)&#13;
                at org.junit.Assert.assertThat(Assert.java:964)&#13;
                at org.junit.Assert.assertThat(Assert.java:930)&#13;
                at JUnit.Magento.ReadPopular1Test.readPopular1(ReadPopular1Test.java:46)&#13;
                at java.base/jdk.internal.reflect.NativeMethodAccessorImpl.invoke0(Native Method)&#13;
                at java.base/jdk.internal.reflect.NativeMethodAccessorImpl.invoke(NativeMethodAccessorImpl.java:62)&#13;
                at
                java.base/jdk.internal.reflect.DelegatingMethodAccessorImpl.invoke(DelegatingMethodAccessorImpl.java:43)&#13;
                at java.base/java.lang.reflect.Method.invoke(Method.java:566)&#13;
                at org.junit.runners.model.FrameworkMethod$1.runReflectiveCall(FrameworkMethod.java:59)&#13;
                at org.junit.internal.runners.model.ReflectiveCallable.run(ReflectiveCallable.java:12)&#13;
                at org.junit.runners.model.FrameworkMethod.invokeExplosively(FrameworkMethod.java:56)&#13;
                at org.junit.internal.runners.statements.InvokeMethod.evaluate(InvokeMethod.java:17)&#13;
                at org.junit.internal.runners.statements.RunBefores.evaluate(RunBefores.java:26)&#13;
                at org.junit.internal.runners.statements.RunAfters.evaluate(RunAfters.java:27)&#13;
                at org.junit.runners.ParentRunner$3.evaluate(ParentRunner.java:306)&#13;
                at org.junit.runners.BlockJUnit4ClassRunner$1.evaluate(BlockJUnit4ClassRunner.java:100)&#13;
                at org.junit.runners.ParentRunner.runLeaf(ParentRunner.java:366)&#13;
                at org.junit.runners.BlockJUnit4ClassRunner.runChild(BlockJUnit4ClassRunner.java:103)&#13;
                at org.junit.runners.BlockJUnit4ClassRunner.runChild(BlockJUnit4ClassRunner.java:63)&#13;
                at org.junit.runners.ParentRunner$4.run(ParentRunner.java:331)&#13;
                at org.junit.runners.ParentRunner$1.schedule(ParentRunner.java:79)&#13;
                at org.junit.runners.ParentRunner.runChildren(ParentRunner.java:329)&#13;
                at org.junit.runners.ParentRunner.access$100(ParentRunner.java:66)&#13;
                at org.junit.runners.ParentRunner$2.evaluate(ParentRunner.java:293)&#13;
                at org.junit.runners.ParentRunner$3.evaluate(ParentRunner.java:306)&#13;
                at org.junit.runners.ParentRunner.run(ParentRunner.java:413)&#13;
                at org.junit.runner.JUnitCore.run(JUnitCore.java:137)&#13;
                at org.junit.runner.JUnitCore.run(JUnitCore.java:115)&#13;
                at org.junit.vintage.engine.execution.RunnerExecutor.execute(RunnerExecutor.java:43)&#13;
                at java.base/java.util.stream.ForEachOps$ForEachOp$OfRef.accept(ForEachOps.java:183)&#13;
                at java.base/java.util.stream.ReferencePipeline$3$1.accept(ReferencePipeline.java:195)&#13;
                at java.base/java.util.Iterator.forEachRemaining(Iterator.java:133)&#13;
                at java.base/java.util.Spliterators$IteratorSpliterator.forEachRemaining(Spliterators.java:1801)&#13;
                at java.base/java.util.stream.AbstractPipeline.copyInto(AbstractPipeline.java:484)&#13;
                at java.base/java.util.stream.AbstractPipeline.wrapAndCopyInto(AbstractPipeline.java:474)&#13;
                at java.base/java.util.stream.ForEachOps$ForEachOp.evaluateSequential(ForEachOps.java:150)&#13;
                at java.base/java.util.stream.ForEachOps$ForEachOp$OfRef.evaluateSequential(ForEachOps.java:173)&#13;
                at java.base/java.util.stream.AbstractPipeline.evaluate(AbstractPipeline.java:234)&#13;
                at java.base/java.util.stream.ReferencePipeline.forEach(ReferencePipeline.java:497)&#13;
                at org.junit.vintage.engine.VintageTestEngine.executeAllChildren(VintageTestEngine.java:82)&#13;
                at org.junit.vintage.engine.VintageTestEngine.execute(VintageTestEngine.java:73)&#13;
                at
                org.junit.platform.launcher.core.EngineExecutionOrchestrator.execute(EngineExecutionOrchestrator.java:108)&#13;
                at
                org.junit.platform.launcher.core.EngineExecutionOrchestrator.execute(EngineExecutionOrchestrator.java:88)&#13;
                at
                org.junit.platform.launcher.core.EngineExecutionOrchestrator.lambda$execute$0(EngineExecutionOrchestrator.java:54)&#13;
                at
                org.junit.platform.launcher.core.EngineExecutionOrchestrator.withInterceptedStreams(EngineExecutionOrchestrator.java:67)&#13;
                at
                org.junit.platform.launcher.core.EngineExecutionOrchestrator.execute(EngineExecutionOrchestrator.java:52)&#13;
                at org.junit.platform.launcher.core.DefaultLauncher.execute(DefaultLauncher.java:96)&#13;
                at org.junit.platform.launcher.core.DefaultLauncher.execute(DefaultLauncher.java:75)&#13;
                at com.intellij.junit5.JUnit5IdeaTestRunner.startRunnerWithArgs(JUnit5IdeaTestRunner.java:71)&#13;
                at com.intellij.rt.junit.IdeaTestRunner$Repeater.startRunnerWithArgs(IdeaTestRunner.java:33)&#13;
                at com.intellij.rt.junit.JUnitStarter.prepareStreamsAndStart(JUnitStarter.java:221)&#13;
                at com.intellij.rt.junit.JUnitStarter.main(JUnitStarter.java:54)&#13;
            </output>
        </test>
    </suite>
    <suite duration="6947" locationUrl="java:suite://JUnit.Magento.ReadPrivacy1Test" name="ReadPrivacy1Test" status="error">
        <test duration="6947" locationUrl="java:test://JUnit.Magento.ReadPrivacy1Test/readPrivacy1" name="readPrivacy1" metainfo="" status="error">
            <output type="stderr">Starting ChromeDriver 114.0.5735.90
                (386bc09e8f4f2e025eddae123f36f6263096ae49-refs/branch-heads/5735@{#1052}) on port 43354
                Only local connections are allowed.
                Please see https://chromedriver.chromium.org/security-considerations for suggestions on keeping
                ChromeDriver safe.
                ChromeDriver was started successfully.
                lug 09, 2023 1:17:17 PM org.openqa.selenium.remote.ProtocolHandshake createSession
                INFO: Detected dialect: W3C
                org.openqa.selenium.NoSuchElementException: no such element: Unable to locate element: {&amp;quot;method&amp;quot;:&amp;quot;xpath&amp;quot;,&amp;quot;selector&amp;quot;:&amp;quot;//a[contains(@href,
                &amp;#39;https://magento.com/sites/default/files/REVISED-MAGENTO-PRIVACY-POLICY.pdf&amp;#39;)]&amp;quot;}
                (Session info: chrome=114.0.5735.199)
                For documentation on this error, please visit:
                https://www.seleniumhq.org/exceptions/no_such_element.html
                Build info: version: &amp;#39;3.141.59&amp;#39;, revision: &amp;#39;e82be7d358&amp;#39;, time: &amp;#39;2018-11-14T08:17:03&amp;#39;
                System info: host: &amp;#39;DESKTOP-42AP7HA&amp;#39;, ip: &amp;#39;172.22.128.1&amp;#39;, os.name: &amp;#39;Windows
                10&amp;#39;, os.arch: &amp;#39;amd64&amp;#39;, os.version: &amp;#39;10.0&amp;#39;, java.version: &amp;#39;11.0.12&amp;#39;
                Driver info: org.openqa.selenium.chrome.ChromeDriver
                Capabilities {acceptInsecureCerts: false, browserName: chrome, browserVersion: 114.0.5735.199, chrome:
                {chromedriverVersion: 114.0.5735.90 (386bc09e8f4f..., userDataDir: C:\Users\ivan_\AppData\Loca...},
                goog:chromeOptions: {debuggerAddress: localhost:10091}, javascriptEnabled: true,
                networkConnectionEnabled: false, pageLoadStrategy: normal, platform: WINDOWS, platformName: WINDOWS,
                proxy: Proxy(), setWindowRect: true, strictFileInteractability: false, timeouts: {implicit: 0, pageLoad:
                300000, script: 30000}, unhandledPromptBehavior: dismiss and notify, webauthn:extension:credBlob: true,
                webauthn:extension:largeBlob: true, webauthn:extension:minPinLength: true, webauthn:extension:prf: true,
                webauthn:virtualAuthenticators: true}
                Session ID: af6e4c8894d963b0c346dad7c3308611
                *** Selector info: {Using=xpath, value=//a[contains(@href, &amp;#39;https://magento.com/sites/default/files/REVISED-MAGENTO-PRIVACY-POLICY.pdf&amp;#39;)]}&#13;
                at java.base/jdk.internal.reflect.NativeConstructorAccessorImpl.newInstance0(Native Method)&#13;
                at
                java.base/jdk.internal.reflect.NativeConstructorAccessorImpl.newInstance(NativeConstructorAccessorImpl.java:62)&#13;
                at
                java.base/jdk.internal.reflect.DelegatingConstructorAccessorImpl.newInstance(DelegatingConstructorAccessorImpl.java:45)&#13;
                at java.base/java.lang.reflect.Constructor.newInstance(Constructor.java:490)&#13;
                at org.openqa.selenium.remote.http.W3CHttpResponseCodec.createException(W3CHttpResponseCodec.java:187)&#13;
                at org.openqa.selenium.remote.http.W3CHttpResponseCodec.decode(W3CHttpResponseCodec.java:122)&#13;
                at org.openqa.selenium.remote.http.W3CHttpResponseCodec.decode(W3CHttpResponseCodec.java:49)&#13;
                at org.openqa.selenium.remote.HttpCommandExecutor.execute(HttpCommandExecutor.java:158)&#13;
                at org.openqa.selenium.remote.service.DriverCommandExecutor.execute(DriverCommandExecutor.java:83)&#13;
                at org.openqa.selenium.remote.RemoteWebDriver.execute(RemoteWebDriver.java:552)&#13;
                at org.openqa.selenium.remote.RemoteWebDriver.findElement(RemoteWebDriver.java:323)&#13;
                at org.openqa.selenium.remote.RemoteWebDriver.findElementByXPath(RemoteWebDriver.java:428)&#13;
                at org.openqa.selenium.By$ByXPath.findElement(By.java:353)&#13;
                at org.openqa.selenium.remote.RemoteWebDriver.findElement(RemoteWebDriver.java:315)&#13;
                at JUnit.Magento.ReadPrivacy1Test.readPrivacy1(ReadPrivacy1Test.java:64)&#13;
                at java.base/jdk.internal.reflect.NativeMethodAccessorImpl.invoke0(Native Method)&#13;
                at java.base/jdk.internal.reflect.NativeMethodAccessorImpl.invoke(NativeMethodAccessorImpl.java:62)&#13;
                at
                java.base/jdk.internal.reflect.DelegatingMethodAccessorImpl.invoke(DelegatingMethodAccessorImpl.java:43)&#13;
                at java.base/java.lang.reflect.Method.invoke(Method.java:566)&#13;
                at org.junit.runners.model.FrameworkMethod$1.runReflectiveCall(FrameworkMethod.java:59)&#13;
                at org.junit.internal.runners.model.ReflectiveCallable.run(ReflectiveCallable.java:12)&#13;
                at org.junit.runners.model.FrameworkMethod.invokeExplosively(FrameworkMethod.java:56)&#13;
                at org.junit.internal.runners.statements.InvokeMethod.evaluate(InvokeMethod.java:17)&#13;
                at org.junit.internal.runners.statements.RunBefores.evaluate(RunBefores.java:26)&#13;
                at org.junit.internal.runners.statements.RunAfters.evaluate(RunAfters.java:27)&#13;
                at org.junit.runners.ParentRunner$3.evaluate(ParentRunner.java:306)&#13;
                at org.junit.runners.BlockJUnit4ClassRunner$1.evaluate(BlockJUnit4ClassRunner.java:100)&#13;
                at org.junit.runners.ParentRunner.runLeaf(ParentRunner.java:366)&#13;
                at org.junit.runners.BlockJUnit4ClassRunner.runChild(BlockJUnit4ClassRunner.java:103)&#13;
                at org.junit.runners.BlockJUnit4ClassRunner.runChild(BlockJUnit4ClassRunner.java:63)&#13;
                at org.junit.runners.ParentRunner$4.run(ParentRunner.java:331)&#13;
                at org.junit.runners.ParentRunner$1.schedule(ParentRunner.java:79)&#13;
                at org.junit.runners.ParentRunner.runChildren(ParentRunner.java:329)&#13;
                at org.junit.runners.ParentRunner.access$100(ParentRunner.java:66)&#13;
                at org.junit.runners.ParentRunner$2.evaluate(ParentRunner.java:293)&#13;
                at org.junit.runners.ParentRunner$3.evaluate(ParentRunner.java:306)&#13;
                at org.junit.runners.ParentRunner.run(ParentRunner.java:413)&#13;
                at org.junit.runner.JUnitCore.run(JUnitCore.java:137)&#13;
                at org.junit.runner.JUnitCore.run(JUnitCore.java:115)&#13;
                at org.junit.vintage.engine.execution.RunnerExecutor.execute(RunnerExecutor.java:43)&#13;
                at java.base/java.util.stream.ForEachOps$ForEachOp$OfRef.accept(ForEachOps.java:183)&#13;
                at java.base/java.util.stream.ReferencePipeline$3$1.accept(ReferencePipeline.java:195)&#13;
                at java.base/java.util.Iterator.forEachRemaining(Iterator.java:133)&#13;
                at java.base/java.util.Spliterators$IteratorSpliterator.forEachRemaining(Spliterators.java:1801)&#13;
                at java.base/java.util.stream.AbstractPipeline.copyInto(AbstractPipeline.java:484)&#13;
                at java.base/java.util.stream.AbstractPipeline.wrapAndCopyInto(AbstractPipeline.java:474)&#13;
                at java.base/java.util.stream.ForEachOps$ForEachOp.evaluateSequential(ForEachOps.java:150)&#13;
                at java.base/java.util.stream.ForEachOps$ForEachOp$OfRef.evaluateSequential(ForEachOps.java:173)&#13;
                at java.base/java.util.stream.AbstractPipeline.evaluate(AbstractPipeline.java:234)&#13;
                at java.base/java.util.stream.ReferencePipeline.forEach(ReferencePipeline.java:497)&#13;
                at org.junit.vintage.engine.VintageTestEngine.executeAllChildren(VintageTestEngine.java:82)&#13;
                at org.junit.vintage.engine.VintageTestEngine.execute(VintageTestEngine.java:73)&#13;
                at
                org.junit.platform.launcher.core.EngineExecutionOrchestrator.execute(EngineExecutionOrchestrator.java:108)&#13;
                at
                org.junit.platform.launcher.core.EngineExecutionOrchestrator.execute(EngineExecutionOrchestrator.java:88)&#13;
                at
                org.junit.platform.launcher.core.EngineExecutionOrchestrator.lambda$execute$0(EngineExecutionOrchestrator.java:54)&#13;
                at
                org.junit.platform.launcher.core.EngineExecutionOrchestrator.withInterceptedStreams(EngineExecutionOrchestrator.java:67)&#13;
                at
                org.junit.platform.launcher.core.EngineExecutionOrchestrator.execute(EngineExecutionOrchestrator.java:52)&#13;
                at org.junit.platform.launcher.core.DefaultLauncher.execute(DefaultLauncher.java:96)&#13;
                at org.junit.platform.launcher.core.DefaultLauncher.execute(DefaultLauncher.java:75)&#13;
                at com.intellij.junit5.JUnit5IdeaTestRunner.startRunnerWithArgs(JUnit5IdeaTestRunner.java:71)&#13;
                at com.intellij.rt.junit.IdeaTestRunner$Repeater.startRunnerWithArgs(IdeaTestRunner.java:33)&#13;
                at com.intellij.rt.junit.JUnitStarter.prepareStreamsAndStart(JUnitStarter.java:221)&#13;
                at com.intellij.rt.junit.JUnitStarter.main(JUnitStarter.java:54)&#13;
            </output>
        </test>
    </suite>
    <suite duration="4959" locationUrl="java:suite://JUnit.Magento.ReadProduct1Test" name="ReadProduct1Test" status="error">
        <test duration="4959" locationUrl="java:test://JUnit.Magento.ReadProduct1Test/readProduct1" name="readProduct1" metainfo="" status="error">
            <output type="stderr">Starting ChromeDriver 114.0.5735.90
                (386bc09e8f4f2e025eddae123f36f6263096ae49-refs/branch-heads/5735@{#1052}) on port 14444
                Only local connections are allowed.
                Please see https://chromedriver.chromium.org/security-considerations for suggestions on keeping
                ChromeDriver safe.
                ChromeDriver was started successfully.
                lug 09, 2023 1:17:24 PM org.openqa.selenium.remote.ProtocolHandshake createSession
                INFO: Detected dialect: W3C
                org.openqa.selenium.NoSuchElementException: no such element: Unable to locate element: {&amp;quot;method&amp;quot;:&amp;quot;xpath&amp;quot;,&amp;quot;selector&amp;quot;:&amp;quot;//div[contains(@class,
                &amp;#39;nav-sections-items&amp;#39;) and not(contains(@class, &amp;#39;mage-tabs-disabled&amp;#39;))]&amp;quot;}
                (Session info: chrome=114.0.5735.199)
                For documentation on this error, please visit:
                https://www.seleniumhq.org/exceptions/no_such_element.html
                Build info: version: &amp;#39;3.141.59&amp;#39;, revision: &amp;#39;e82be7d358&amp;#39;, time: &amp;#39;2018-11-14T08:17:03&amp;#39;
                System info: host: &amp;#39;DESKTOP-42AP7HA&amp;#39;, ip: &amp;#39;172.22.128.1&amp;#39;, os.name: &amp;#39;Windows
                10&amp;#39;, os.arch: &amp;#39;amd64&amp;#39;, os.version: &amp;#39;10.0&amp;#39;, java.version: &amp;#39;11.0.12&amp;#39;
                Driver info: org.openqa.selenium.chrome.ChromeDriver
                Capabilities {acceptInsecureCerts: false, browserName: chrome, browserVersion: 114.0.5735.199, chrome:
                {chromedriverVersion: 114.0.5735.90 (386bc09e8f4f..., userDataDir: C:\Users\ivan_\AppData\Loca...},
                goog:chromeOptions: {debuggerAddress: localhost:10125}, javascriptEnabled: true,
                networkConnectionEnabled: false, pageLoadStrategy: normal, platform: WINDOWS, platformName: WINDOWS,
                proxy: Proxy(), setWindowRect: true, strictFileInteractability: false, timeouts: {implicit: 0, pageLoad:
                300000, script: 30000}, unhandledPromptBehavior: dismiss and notify, webauthn:extension:credBlob: true,
                webauthn:extension:largeBlob: true, webauthn:extension:minPinLength: true, webauthn:extension:prf: true,
                webauthn:virtualAuthenticators: true}
                Session ID: 098ff9ce422b642d4ade0d99c0a182cc
                *** Selector info: {Using=xpath, value=//div[contains(@class, &amp;#39;nav-sections-items&amp;#39;) and
                not(contains(@class, &amp;#39;mage-tabs-disabled&amp;#39;))]}&#13;
                at java.base/jdk.internal.reflect.NativeConstructorAccessorImpl.newInstance0(Native Method)&#13;
                at
                java.base/jdk.internal.reflect.NativeConstructorAccessorImpl.newInstance(NativeConstructorAccessorImpl.java:62)&#13;
                at
                java.base/jdk.internal.reflect.DelegatingConstructorAccessorImpl.newInstance(DelegatingConstructorAccessorImpl.java:45)&#13;
                at java.base/java.lang.reflect.Constructor.newInstance(Constructor.java:490)&#13;
                at org.openqa.selenium.remote.http.W3CHttpResponseCodec.createException(W3CHttpResponseCodec.java:187)&#13;
                at org.openqa.selenium.remote.http.W3CHttpResponseCodec.decode(W3CHttpResponseCodec.java:122)&#13;
                at org.openqa.selenium.remote.http.W3CHttpResponseCodec.decode(W3CHttpResponseCodec.java:49)&#13;
                at org.openqa.selenium.remote.HttpCommandExecutor.execute(HttpCommandExecutor.java:158)&#13;
                at org.openqa.selenium.remote.service.DriverCommandExecutor.execute(DriverCommandExecutor.java:83)&#13;
                at org.openqa.selenium.remote.RemoteWebDriver.execute(RemoteWebDriver.java:552)&#13;
                at org.openqa.selenium.remote.RemoteWebDriver.findElement(RemoteWebDriver.java:323)&#13;
                at org.openqa.selenium.remote.RemoteWebDriver.findElementByXPath(RemoteWebDriver.java:428)&#13;
                at org.openqa.selenium.By$ByXPath.findElement(By.java:353)&#13;
                at org.openqa.selenium.remote.RemoteWebDriver.findElement(RemoteWebDriver.java:315)&#13;
                at JUnit.Magento.ReadProduct1Test.readProduct1(ReadProduct1Test.java:44)&#13;
                at java.base/jdk.internal.reflect.NativeMethodAccessorImpl.invoke0(Native Method)&#13;
                at java.base/jdk.internal.reflect.NativeMethodAccessorImpl.invoke(NativeMethodAccessorImpl.java:62)&#13;
                at
                java.base/jdk.internal.reflect.DelegatingMethodAccessorImpl.invoke(DelegatingMethodAccessorImpl.java:43)&#13;
                at java.base/java.lang.reflect.Method.invoke(Method.java:566)&#13;
                at org.junit.runners.model.FrameworkMethod$1.runReflectiveCall(FrameworkMethod.java:59)&#13;
                at org.junit.internal.runners.model.ReflectiveCallable.run(ReflectiveCallable.java:12)&#13;
                at org.junit.runners.model.FrameworkMethod.invokeExplosively(FrameworkMethod.java:56)&#13;
                at org.junit.internal.runners.statements.InvokeMethod.evaluate(InvokeMethod.java:17)&#13;
                at org.junit.internal.runners.statements.RunBefores.evaluate(RunBefores.java:26)&#13;
                at org.junit.internal.runners.statements.RunAfters.evaluate(RunAfters.java:27)&#13;
                at org.junit.runners.ParentRunner$3.evaluate(ParentRunner.java:306)&#13;
                at org.junit.runners.BlockJUnit4ClassRunner$1.evaluate(BlockJUnit4ClassRunner.java:100)&#13;
                at org.junit.runners.ParentRunner.runLeaf(ParentRunner.java:366)&#13;
                at org.junit.runners.BlockJUnit4ClassRunner.runChild(BlockJUnit4ClassRunner.java:103)&#13;
                at org.junit.runners.BlockJUnit4ClassRunner.runChild(BlockJUnit4ClassRunner.java:63)&#13;
                at org.junit.runners.ParentRunner$4.run(ParentRunner.java:331)&#13;
                at org.junit.runners.ParentRunner$1.schedule(ParentRunner.java:79)&#13;
                at org.junit.runners.ParentRunner.runChildren(ParentRunner.java:329)&#13;
                at org.junit.runners.ParentRunner.access$100(ParentRunner.java:66)&#13;
                at org.junit.runners.ParentRunner$2.evaluate(ParentRunner.java:293)&#13;
                at org.junit.runners.ParentRunner$3.evaluate(ParentRunner.java:306)&#13;
                at org.junit.runners.ParentRunner.run(ParentRunner.java:413)&#13;
                at org.junit.runner.JUnitCore.run(JUnitCore.java:137)&#13;
                at org.junit.runner.JUnitCore.run(JUnitCore.java:115)&#13;
                at org.junit.vintage.engine.execution.RunnerExecutor.execute(RunnerExecutor.java:43)&#13;
                at java.base/java.util.stream.ForEachOps$ForEachOp$OfRef.accept(ForEachOps.java:183)&#13;
                at java.base/java.util.stream.ReferencePipeline$3$1.accept(ReferencePipeline.java:195)&#13;
                at java.base/java.util.Iterator.forEachRemaining(Iterator.java:133)&#13;
                at java.base/java.util.Spliterators$IteratorSpliterator.forEachRemaining(Spliterators.java:1801)&#13;
                at java.base/java.util.stream.AbstractPipeline.copyInto(AbstractPipeline.java:484)&#13;
                at java.base/java.util.stream.AbstractPipeline.wrapAndCopyInto(AbstractPipeline.java:474)&#13;
                at java.base/java.util.stream.ForEachOps$ForEachOp.evaluateSequential(ForEachOps.java:150)&#13;
                at java.base/java.util.stream.ForEachOps$ForEachOp$OfRef.evaluateSequential(ForEachOps.java:173)&#13;
                at java.base/java.util.stream.AbstractPipeline.evaluate(AbstractPipeline.java:234)&#13;
                at java.base/java.util.stream.ReferencePipeline.forEach(ReferencePipeline.java:497)&#13;
                at org.junit.vintage.engine.VintageTestEngine.executeAllChildren(VintageTestEngine.java:82)&#13;
                at org.junit.vintage.engine.VintageTestEngine.execute(VintageTestEngine.java:73)&#13;
                at
                org.junit.platform.launcher.core.EngineExecutionOrchestrator.execute(EngineExecutionOrchestrator.java:108)&#13;
                at
                org.junit.platform.launcher.core.EngineExecutionOrchestrator.execute(EngineExecutionOrchestrator.java:88)&#13;
                at
                org.junit.platform.launcher.core.EngineExecutionOrchestrator.lambda$execute$0(EngineExecutionOrchestrator.java:54)&#13;
                at
                org.junit.platform.launcher.core.EngineExecutionOrchestrator.withInterceptedStreams(EngineExecutionOrchestrator.java:67)&#13;
                at
                org.junit.platform.launcher.core.EngineExecutionOrchestrator.execute(EngineExecutionOrchestrator.java:52)&#13;
                at org.junit.platform.launcher.core.DefaultLauncher.execute(DefaultLauncher.java:96)&#13;
                at org.junit.platform.launcher.core.DefaultLauncher.execute(DefaultLauncher.java:75)&#13;
                at com.intellij.junit5.JUnit5IdeaTestRunner.startRunnerWithArgs(JUnit5IdeaTestRunner.java:71)&#13;
                at com.intellij.rt.junit.IdeaTestRunner$Repeater.startRunnerWithArgs(IdeaTestRunner.java:33)&#13;
                at com.intellij.rt.junit.JUnitStarter.prepareStreamsAndStart(JUnitStarter.java:221)&#13;
                at com.intellij.rt.junit.JUnitStarter.main(JUnitStarter.java:54)&#13;
            </output>
        </test>
    </suite>
    <suite duration="7286" locationUrl="java:suite://JUnit.Magento.ReadTemplate1Test" name="ReadTemplate1Test" status="error">
        <test duration="7286" locationUrl="java:test://JUnit.Magento.ReadTemplate1Test/readTemplate1" name="readTemplate1" metainfo="" status="error">
            <output type="stderr">Starting ChromeDriver 114.0.5735.90
                (386bc09e8f4f2e025eddae123f36f6263096ae49-refs/branch-heads/5735@{#1052}) on port 2167
                Only local connections are allowed.
                Please see https://chromedriver.chromium.org/security-considerations for suggestions on keeping
                ChromeDriver safe.
                ChromeDriver was started successfully.
                lug 09, 2023 1:17:29 PM org.openqa.selenium.remote.ProtocolHandshake createSession
                INFO: Detected dialect: W3C
                org.openqa.selenium.NoSuchElementException: no such element: Unable to locate element: {&amp;quot;method&amp;quot;:&amp;quot;xpath&amp;quot;,&amp;quot;selector&amp;quot;:&amp;quot;//select[contains(@class,
                &amp;#39;ui-datepicker-month&amp;#39;) and not(@aria-label)]&amp;quot;}
                (Session info: chrome=114.0.5735.199)
                For documentation on this error, please visit:
                https://www.seleniumhq.org/exceptions/no_such_element.html
                Build info: version: &amp;#39;3.141.59&amp;#39;, revision: &amp;#39;e82be7d358&amp;#39;, time: &amp;#39;2018-11-14T08:17:03&amp;#39;
                System info: host: &amp;#39;DESKTOP-42AP7HA&amp;#39;, ip: &amp;#39;172.22.128.1&amp;#39;, os.name: &amp;#39;Windows
                10&amp;#39;, os.arch: &amp;#39;amd64&amp;#39;, os.version: &amp;#39;10.0&amp;#39;, java.version: &amp;#39;11.0.12&amp;#39;
                Driver info: org.openqa.selenium.chrome.ChromeDriver
                Capabilities {acceptInsecureCerts: false, browserName: chrome, browserVersion: 114.0.5735.199, chrome:
                {chromedriverVersion: 114.0.5735.90 (386bc09e8f4f..., userDataDir: C:\Users\ivan_\AppData\Loca...},
                goog:chromeOptions: {debuggerAddress: localhost:10150}, javascriptEnabled: true,
                networkConnectionEnabled: false, pageLoadStrategy: normal, platform: WINDOWS, platformName: WINDOWS,
                proxy: Proxy(), setWindowRect: true, strictFileInteractability: false, timeouts: {implicit: 0, pageLoad:
                300000, script: 30000}, unhandledPromptBehavior: dismiss and notify, webauthn:extension:credBlob: true,
                webauthn:extension:largeBlob: true, webauthn:extension:minPinLength: true, webauthn:extension:prf: true,
                webauthn:virtualAuthenticators: true}
                Session ID: 411605ec66d64e565d351d4d9bd109b4
                *** Selector info: {Using=xpath, value=//select[contains(@class, &amp;#39;ui-datepicker-month&amp;#39;)
                and not(@aria-label)]}&#13;
                at java.base/jdk.internal.reflect.NativeConstructorAccessorImpl.newInstance0(Native Method)&#13;
                at
                java.base/jdk.internal.reflect.NativeConstructorAccessorImpl.newInstance(NativeConstructorAccessorImpl.java:62)&#13;
                at
                java.base/jdk.internal.reflect.DelegatingConstructorAccessorImpl.newInstance(DelegatingConstructorAccessorImpl.java:45)&#13;
                at java.base/java.lang.reflect.Constructor.newInstance(Constructor.java:490)&#13;
                at org.openqa.selenium.remote.http.W3CHttpResponseCodec.createException(W3CHttpResponseCodec.java:187)&#13;
                at org.openqa.selenium.remote.http.W3CHttpResponseCodec.decode(W3CHttpResponseCodec.java:122)&#13;
                at org.openqa.selenium.remote.http.W3CHttpResponseCodec.decode(W3CHttpResponseCodec.java:49)&#13;
                at org.openqa.selenium.remote.HttpCommandExecutor.execute(HttpCommandExecutor.java:158)&#13;
                at org.openqa.selenium.remote.service.DriverCommandExecutor.execute(DriverCommandExecutor.java:83)&#13;
                at org.openqa.selenium.remote.RemoteWebDriver.execute(RemoteWebDriver.java:552)&#13;
                at org.openqa.selenium.remote.RemoteWebDriver.findElement(RemoteWebDriver.java:323)&#13;
                at org.openqa.selenium.remote.RemoteWebDriver.findElementByXPath(RemoteWebDriver.java:428)&#13;
                at org.openqa.selenium.By$ByXPath.findElement(By.java:353)&#13;
                at org.openqa.selenium.remote.RemoteWebDriver.findElement(RemoteWebDriver.java:315)&#13;
                at JUnit.Magento.ReadTemplate1Test.readTemplate1(ReadTemplate1Test.java:54)&#13;
                at java.base/jdk.internal.reflect.NativeMethodAccessorImpl.invoke0(Native Method)&#13;
                at java.base/jdk.internal.reflect.NativeMethodAccessorImpl.invoke(NativeMethodAccessorImpl.java:62)&#13;
                at
                java.base/jdk.internal.reflect.DelegatingMethodAccessorImpl.invoke(DelegatingMethodAccessorImpl.java:43)&#13;
                at java.base/java.lang.reflect.Method.invoke(Method.java:566)&#13;
                at org.junit.runners.model.FrameworkMethod$1.runReflectiveCall(FrameworkMethod.java:59)&#13;
                at org.junit.internal.runners.model.ReflectiveCallable.run(ReflectiveCallable.java:12)&#13;
                at org.junit.runners.model.FrameworkMethod.invokeExplosively(FrameworkMethod.java:56)&#13;
                at org.junit.internal.runners.statements.InvokeMethod.evaluate(InvokeMethod.java:17)&#13;
                at org.junit.internal.runners.statements.RunBefores.evaluate(RunBefores.java:26)&#13;
                at org.junit.internal.runners.statements.RunAfters.evaluate(RunAfters.java:27)&#13;
                at org.junit.runners.ParentRunner$3.evaluate(ParentRunner.java:306)&#13;
                at org.junit.runners.BlockJUnit4ClassRunner$1.evaluate(BlockJUnit4ClassRunner.java:100)&#13;
                at org.junit.runners.ParentRunner.runLeaf(ParentRunner.java:366)&#13;
                at org.junit.runners.BlockJUnit4ClassRunner.runChild(BlockJUnit4ClassRunner.java:103)&#13;
                at org.junit.runners.BlockJUnit4ClassRunner.runChild(BlockJUnit4ClassRunner.java:63)&#13;
                at org.junit.runners.ParentRunner$4.run(ParentRunner.java:331)&#13;
                at org.junit.runners.ParentRunner$1.schedule(ParentRunner.java:79)&#13;
                at org.junit.runners.ParentRunner.runChildren(ParentRunner.java:329)&#13;
                at org.junit.runners.ParentRunner.access$100(ParentRunner.java:66)&#13;
                at org.junit.runners.ParentRunner$2.evaluate(ParentRunner.java:293)&#13;
                at org.junit.runners.ParentRunner$3.evaluate(ParentRunner.java:306)&#13;
                at org.junit.runners.ParentRunner.run(ParentRunner.java:413)&#13;
                at org.junit.runner.JUnitCore.run(JUnitCore.java:137)&#13;
                at org.junit.runner.JUnitCore.run(JUnitCore.java:115)&#13;
                at org.junit.vintage.engine.execution.RunnerExecutor.execute(RunnerExecutor.java:43)&#13;
                at java.base/java.util.stream.ForEachOps$ForEachOp$OfRef.accept(ForEachOps.java:183)&#13;
                at java.base/java.util.stream.ReferencePipeline$3$1.accept(ReferencePipeline.java:195)&#13;
                at java.base/java.util.Iterator.forEachRemaining(Iterator.java:133)&#13;
                at java.base/java.util.Spliterators$IteratorSpliterator.forEachRemaining(Spliterators.java:1801)&#13;
                at java.base/java.util.stream.AbstractPipeline.copyInto(AbstractPipeline.java:484)&#13;
                at java.base/java.util.stream.AbstractPipeline.wrapAndCopyInto(AbstractPipeline.java:474)&#13;
                at java.base/java.util.stream.ForEachOps$ForEachOp.evaluateSequential(ForEachOps.java:150)&#13;
                at java.base/java.util.stream.ForEachOps$ForEachOp$OfRef.evaluateSequential(ForEachOps.java:173)&#13;
                at java.base/java.util.stream.AbstractPipeline.evaluate(AbstractPipeline.java:234)&#13;
                at java.base/java.util.stream.ReferencePipeline.forEach(ReferencePipeline.java:497)&#13;
                at org.junit.vintage.engine.VintageTestEngine.executeAllChildren(VintageTestEngine.java:82)&#13;
                at org.junit.vintage.engine.VintageTestEngine.execute(VintageTestEngine.java:73)&#13;
                at
                org.junit.platform.launcher.core.EngineExecutionOrchestrator.execute(EngineExecutionOrchestrator.java:108)&#13;
                at
                org.junit.platform.launcher.core.EngineExecutionOrchestrator.execute(EngineExecutionOrchestrator.java:88)&#13;
                at
                org.junit.platform.launcher.core.EngineExecutionOrchestrator.lambda$execute$0(EngineExecutionOrchestrator.java:54)&#13;
                at
                org.junit.platform.launcher.core.EngineExecutionOrchestrator.withInterceptedStreams(EngineExecutionOrchestrator.java:67)&#13;
                at
                org.junit.platform.launcher.core.EngineExecutionOrchestrator.execute(EngineExecutionOrchestrator.java:52)&#13;
                at org.junit.platform.launcher.core.DefaultLauncher.execute(DefaultLauncher.java:96)&#13;
                at org.junit.platform.launcher.core.DefaultLauncher.execute(DefaultLauncher.java:75)&#13;
                at com.intellij.junit5.JUnit5IdeaTestRunner.startRunnerWithArgs(JUnit5IdeaTestRunner.java:71)&#13;
                at com.intellij.rt.junit.IdeaTestRunner$Repeater.startRunnerWithArgs(IdeaTestRunner.java:33)&#13;
                at com.intellij.rt.junit.JUnitStarter.prepareStreamsAndStart(JUnitStarter.java:221)&#13;
                at com.intellij.rt.junit.JUnitStarter.main(JUnitStarter.java:54)&#13;
            </output>
        </test>
    </suite>
    <suite duration="9114" locationUrl="java:suite://ReadView1Test" name="ReadView1Test" status="error">
        <test duration="9114" locationUrl="java:test://ReadView1Test/readView1" name="readView1" metainfo="" status="error">
            <output type="stderr">Starting ChromeDriver 114.0.5735.90 (386bc09e8f4f2e025eddae123f36f6263096ae49-refs/branch-heads/5735@{#1052}) on port 11903
Only local connections are allowed.
Please see https://chromedriver.chromium.org/security-considerations for suggestions on keeping ChromeDriver safe.
ChromeDriver was started successfully.
lug 09, 2023 1:17:37 PM org.openqa.selenium.remote.ProtocolHandshake createSession
INFO: Detected dialect: W3C
org.openqa.selenium.NoSuchElementException: no such element: Unable to locate element: {&amp;quot;method&amp;quot;:&amp;quot;xpath&amp;quot;,&amp;quot;selector&amp;quot;:&amp;quot;//fieldset/*[position() = 5]/div/select&amp;quot;}
  (Session info: chrome=114.0.5735.199)
For documentation on this error, please visit: https://www.seleniumhq.org/exceptions/no_such_element.html
Build info: version: &amp;#39;3.141.59&amp;#39;, revision: &amp;#39;e82be7d358&amp;#39;, time: &amp;#39;2018-11-14T08:17:03&amp;#39;
System info: host: &amp;#39;DESKTOP-42AP7HA&amp;#39;, ip: &amp;#39;172.22.128.1&amp;#39;, os.name: &amp;#39;Windows 10&amp;#39;, os.arch: &amp;#39;amd64&amp;#39;, os.version: &amp;#39;10.0&amp;#39;, java.version: &amp;#39;11.0.12&amp;#39;
Driver info: org.openqa.selenium.chrome.ChromeDriver
Capabilities {acceptInsecureCerts: false, browserName: chrome, browserVersion: 114.0.5735.199, chrome: {chromedriverVersion: 114.0.5735.90 (386bc09e8f4f..., userDataDir: C:\Users\ivan_\AppData\Loca...}, goog:chromeOptions: {debuggerAddress: localhost:10178}, javascriptEnabled: true, networkConnectionEnabled: false, pageLoadStrategy: normal, platform: WINDOWS, platformName: WINDOWS, proxy: Proxy(), setWindowRect: true, strictFileInteractability: false, timeouts: {implicit: 0, pageLoad: 300000, script: 30000}, unhandledPromptBehavior: dismiss and notify, webauthn:extension:credBlob: true, webauthn:extension:largeBlob: true, webauthn:extension:minPinLength: true, webauthn:extension:prf: true, webauthn:virtualAuthenticators: true}
Session ID: 25bab858125f78da18d3e3b8d3baa185
*** Selector info: {Using=xpath, value=//fieldset/*[position() = 5]/div/select}&#13;
	at java.base/jdk.internal.reflect.NativeConstructorAccessorImpl.newInstance0(Native Method)&#13;
	at java.base/jdk.internal.reflect.NativeConstructorAccessorImpl.newInstance(NativeConstructorAccessorImpl.java:62)&#13;
	at java.base/jdk.internal.reflect.DelegatingConstructorAccessorImpl.newInstance(DelegatingConstructorAccessorImpl.java:45)&#13;
	at java.base/java.lang.reflect.Constructor.newInstance(Constructor.java:490)&#13;
	at org.openqa.selenium.remote.http.W3CHttpResponseCodec.createException(W3CHttpResponseCodec.java:187)&#13;
	at org.openqa.selenium.remote.http.W3CHttpResponseCodec.decode(W3CHttpResponseCodec.java:122)&#13;
	at org.openqa.selenium.remote.http.W3CHttpResponseCodec.decode(W3CHttpResponseCodec.java:49)&#13;
	at org.openqa.selenium.remote.HttpCommandExecutor.execute(HttpCommandExecutor.java:158)&#13;
	at org.openqa.selenium.remote.service.DriverCommandExecutor.execute(DriverCommandExecutor.java:83)&#13;
	at org.openqa.selenium.remote.RemoteWebDriver.execute(RemoteWebDriver.java:552)&#13;
	at org.openqa.selenium.remote.RemoteWebDriver.findElement(RemoteWebDriver.java:323)&#13;
	at org.openqa.selenium.remote.RemoteWebDriver.findElementByXPath(RemoteWebDriver.java:428)&#13;
	at org.openqa.selenium.By$ByXPath.findElement(By.java:353)&#13;
	at org.openqa.selenium.remote.RemoteWebDriver.findElement(RemoteWebDriver.java:315)&#13;
	at ReadView1Test.readView1(ReadView1Test.java:52)&#13;
	at java.base/jdk.internal.reflect.NativeMethodAccessorImpl.invoke0(Native Method)&#13;
	at java.base/jdk.internal.reflect.NativeMethodAccessorImpl.invoke(NativeMethodAccessorImpl.java:62)&#13;
	at java.base/jdk.internal.reflect.DelegatingMethodAccessorImpl.invoke(DelegatingMethodAccessorImpl.java:43)&#13;
	at java.base/java.lang.reflect.Method.invoke(Method.java:566)&#13;
	at org.junit.runners.model.FrameworkMethod$1.runReflectiveCall(FrameworkMethod.java:59)&#13;
	at org.junit.internal.runners.model.ReflectiveCallable.run(ReflectiveCallable.java:12)&#13;
	at org.junit.runners.model.FrameworkMethod.invokeExplosively(FrameworkMethod.java:56)&#13;
	at org.junit.internal.runners.statements.InvokeMethod.evaluate(InvokeMethod.java:17)&#13;
	at org.junit.internal.runners.statements.RunBefores.evaluate(RunBefores.java:26)&#13;
	at org.junit.internal.runners.statements.RunAfters.evaluate(RunAfters.java:27)&#13;
	at org.junit.runners.ParentRunner$3.evaluate(ParentRunner.java:306)&#13;
	at org.junit.runners.BlockJUnit4ClassRunner$1.evaluate(BlockJUnit4ClassRunner.java:100)&#13;
	at org.junit.runners.ParentRunner.runLeaf(ParentRunner.java:366)&#13;
	at org.junit.runners.BlockJUnit4ClassRunner.runChild(BlockJUnit4ClassRunner.java:103)&#13;
	at org.junit.runners.BlockJUnit4ClassRunner.runChild(BlockJUnit4ClassRunner.java:63)&#13;
	at org.junit.runners.ParentRunner$4.run(ParentRunner.java:331)&#13;
	at org.junit.runners.ParentRunner$1.schedule(ParentRunner.java:79)&#13;
	at org.junit.runners.ParentRunner.runChildren(ParentRunner.java:329)&#13;
	at org.junit.runners.ParentRunner.access$100(ParentRunner.java:66)&#13;
	at org.junit.runners.ParentRunner$2.evaluate(ParentRunner.java:293)&#13;
	at org.junit.runners.ParentRunner$3.evaluate(ParentRunner.java:306)&#13;
	at org.junit.runners.ParentRunner.run(ParentRunner.java:413)&#13;
	at org.junit.runner.JUnitCore.run(JUnitCore.java:137)&#13;
	at org.junit.runner.JUnitCore.run(JUnitCore.java:115)&#13;
	at org.junit.vintage.engine.execution.RunnerExecutor.execute(RunnerExecutor.java:43)&#13;
	at java.base/java.util.stream.ForEachOps$ForEachOp$OfRef.accept(ForEachOps.java:183)&#13;
	at java.base/java.util.stream.ReferencePipeline$3$1.accept(ReferencePipeline.java:195)&#13;
	at java.base/java.util.Iterator.forEachRemaining(Iterator.java:133)&#13;
	at java.base/java.util.Spliterators$IteratorSpliterator.forEachRemaining(Spliterators.java:1801)&#13;
	at java.base/java.util.stream.AbstractPipeline.copyInto(AbstractPipeline.java:484)&#13;
	at java.base/java.util.stream.AbstractPipeline.wrapAndCopyInto(AbstractPipeline.java:474)&#13;
	at java.base/java.util.stream.ForEachOps$ForEachOp.evaluateSequential(ForEachOps.java:150)&#13;
	at java.base/java.util.stream.ForEachOps$ForEachOp$OfRef.evaluateSequential(ForEachOps.java:173)&#13;
	at java.base/java.util.stream.AbstractPipeline.evaluate(AbstractPipeline.java:234)&#13;
	at java.base/java.util.stream.ReferencePipeline.forEach(ReferencePipeline.java:497)&#13;
	at org.junit.vintage.engine.VintageTestEngine.executeAllChildren(VintageTestEngine.java:82)&#13;
	at org.junit.vintage.engine.VintageTestEngine.execute(VintageTestEngine.java:73)&#13;
	at org.junit.platform.launcher.core.EngineExecutionOrchestrator.execute(EngineExecutionOrchestrator.java:108)&#13;
	at org.junit.platform.launcher.core.EngineExecutionOrchestrator.execute(EngineExecutionOrchestrator.java:88)&#13;
	at org.junit.platform.launcher.core.EngineExecutionOrchestrator.lambda$execute$0(EngineExecutionOrchestrator.java:54)&#13;
	at org.junit.platform.launcher.core.EngineExecutionOrchestrator.withInterceptedStreams(EngineExecutionOrchestrator.java:67)&#13;
	at org.junit.platform.launcher.core.EngineExecutionOrchestrator.execute(EngineExecutionOrchestrator.java:52)&#13;
	at org.junit.platform.launcher.core.DefaultLauncher.execute(DefaultLauncher.java:96)&#13;
	at org.junit.platform.launcher.core.DefaultLauncher.execute(DefaultLauncher.java:75)&#13;
	at com.intellij.junit5.JUnit5IdeaTestRunner.startRunnerWithArgs(JUnit5IdeaTestRunner.java:71)&#13;
	at com.intellij.rt.junit.IdeaTestRunner$Repeater.startRunnerWithArgs(IdeaTestRunner.java:33)&#13;
	at com.intellij.rt.junit.JUnitStarter.prepareStreamsAndStart(JUnitStarter.java:221)&#13;
	at com.intellij.rt.junit.JUnitStarter.main(JUnitStarter.java:54)&#13;
</output>
        </test>
    </suite>
    <suite duration="6258" locationUrl="java:suite://ResetPassword1Test" name="ResetPassword1Test" status="passed">
        <test duration="6258" locationUrl="java:test://ResetPassword1Test/resetPassword1" name="resetPassword1" metainfo="" status="passed">
            <output type="stderr">Starting ChromeDriver 114.0.5735.90 (386bc09e8f4f2e025eddae123f36f6263096ae49-refs/branch-heads/5735@{#1052}) on port 38480
Only local connections are allowed.
Please see https://chromedriver.chromium.org/security-considerations for suggestions on keeping ChromeDriver safe.
ChromeDriver was started successfully.
lug 09, 2023 1:17:46 PM org.openqa.selenium.remote.ProtocolHandshake createSession
INFO: Detected dialect: W3C
lug 09, 2023 1:17:46 PM org.openqa.selenium.interactions.Actions moveToElement
INFO: When using the W3C Action commands, offsets are from the center of element
</output>
        </test>
    </suite>
    <suite duration="10713" locationUrl="java:suite://UpdatePage1Test" name="UpdatePage1Test" status="passed">
        <test duration="10713" locationUrl="java:test://UpdatePage1Test/updatePage1" name="updatePage1" metainfo="" status="passed">
            <output type="stderr">Starting ChromeDriver 114.0.5735.90 (386bc09e8f4f2e025eddae123f36f6263096ae49-refs/branch-heads/5735@{#1052}) on port 41681
Only local connections are allowed.
Please see https://chromedriver.chromium.org/security-considerations for suggestions on keeping ChromeDriver safe.
ChromeDriver was started successfully.
lug 09, 2023 1:17:52 PM org.openqa.selenium.remote.ProtocolHandshake createSession
INFO: Detected dialect: W3C
</output>
        </test>
    </suite>
</testrun>
